<?xml version="1.0" encoding="UTF-8"?>
<coverage generated="1623425968123" clover="3.2.0">
  <project timestamp="1623425968123" name="All files">
    <metrics statements="143" coveredstatements="99" conditionals="137" coveredconditionals="57" methods="51" coveredmethods="24" elements="331" coveredelements="180" complexity="0" loc="143" ncloc="143" packages="6" files="26" classes="26"/>
    <package name="components.base">
      <metrics statements="16" coveredstatements="12" conditionals="24" coveredconditionals="8" methods="7" coveredmethods="3"/>
      <file name="ListItem.tsx" path="/Users/jai/Code/solid-state-group/ssg-frontend-boilerplate/mobile/app/components/base/ListItem.tsx">
        <metrics statements="3" coveredstatements="3" conditionals="16" coveredconditionals="6" methods="1" coveredmethods="1"/>
        <line num="19" count="1" type="stmt"/>
        <line num="31" count="1" type="stmt"/>
        <line num="39" count="1" type="cond" truecount="1" falsecount="1"/>
      </file>
      <file name="Loader.tsx" path="/Users/jai/Code/solid-state-group/ssg-frontend-boilerplate/mobile/app/components/base/Loader.tsx">
        <metrics statements="4" coveredstatements="4" conditionals="0" coveredconditionals="0" methods="1" coveredmethods="1"/>
        <line num="5" count="2" type="stmt"/>
        <line num="7" count="2" type="stmt"/>
        <line num="9" count="2" type="stmt"/>
        <line num="10" count="1" type="stmt"/>
      </file>
      <file name="SelectModal.tsx" path="/Users/jai/Code/solid-state-group/ssg-frontend-boilerplate/mobile/app/components/base/SelectModal.tsx">
        <metrics statements="9" coveredstatements="5" conditionals="8" coveredconditionals="2" methods="5" coveredmethods="1"/>
        <line num="22" count="1" type="stmt"/>
        <line num="33" count="1" type="stmt"/>
        <line num="38" count="1" type="stmt"/>
        <line num="40" count="1" type="stmt"/>
        <line num="41" count="0" type="cond" truecount="0" falsecount="2"/>
        <line num="42" count="0" type="stmt"/>
        <line num="44" count="0" type="stmt"/>
        <line num="51" count="1" type="stmt"/>
        <line num="68" count="0" type="stmt"/>
      </file>
    </package>
    <package name="components.base.forms">
      <metrics statements="85" coveredstatements="45" conditionals="78" coveredconditionals="27" methods="33" coveredmethods="10"/>
      <file name="Button.tsx" path="/Users/jai/Code/solid-state-group/ssg-frontend-boilerplate/mobile/app/components/base/forms/Button.tsx">
        <metrics statements="30" coveredstatements="23" conditionals="29" coveredconditionals="19" methods="13" coveredmethods="6"/>
        <line num="28" count="2" type="stmt"/>
        <line num="33" count="2" type="stmt"/>
        <line num="38" count="2" type="stmt"/>
        <line num="43" count="2" type="stmt"/>
        <line num="57" count="2" type="stmt"/>
        <line num="58" count="2" type="cond" truecount="4" falsecount="2"/>
        <line num="61" count="2" type="cond" truecount="2" falsecount="0"/>
        <line num="63" count="2" type="stmt"/>
        <line num="64" count="2" type="stmt"/>
        <line num="67" count="2" type="stmt"/>
        <line num="69" count="2" type="cond" truecount="2" falsecount="2"/>
        <line num="70" count="2" type="cond" truecount="1" falsecount="1"/>
        <line num="78" count="2" type="stmt"/>
        <line num="83" count="2" type="cond" truecount="1" falsecount="1"/>
        <line num="90" count="1" type="cond" truecount="2" falsecount="2"/>
        <line num="123" count="2" type="stmt"/>
        <line num="124" count="0" type="stmt"/>
        <line num="136" count="2" type="stmt"/>
        <line num="137" count="0" type="stmt"/>
        <line num="150" count="2" type="stmt"/>
        <line num="151" count="0" type="stmt"/>
        <line num="165" count="2" type="stmt"/>
        <line num="166" count="0" type="stmt"/>
        <line num="176" count="2" type="stmt"/>
        <line num="177" count="0" type="stmt"/>
        <line num="189" count="2" type="stmt"/>
        <line num="191" count="0" type="stmt"/>
        <line num="201" count="2" type="stmt"/>
        <line num="202" count="0" type="stmt"/>
        <line num="211" count="2" type="stmt"/>
      </file>
      <file name="Select.tsx" path="/Users/jai/Code/solid-state-group/ssg-frontend-boilerplate/mobile/app/components/base/forms/Select.tsx">
        <metrics statements="22" coveredstatements="1" conditionals="23" coveredconditionals="0" methods="8" coveredmethods="0"/>
        <line num="20" count="1" type="stmt"/>
        <line num="32" count="0" type="stmt"/>
        <line num="34" count="0" type="stmt"/>
        <line num="35" count="0" type="cond" truecount="0" falsecount="2"/>
        <line num="37" count="0" type="stmt"/>
        <line num="38" count="0" type="cond" truecount="0" falsecount="2"/>
        <line num="39" count="0" type="cond" truecount="0" falsecount="2"/>
        <line num="40" count="0" type="cond" truecount="0" falsecount="2"/>
        <line num="42" count="0" type="stmt"/>
        <line num="43" count="0" type="stmt"/>
        <line num="44" count="0" type="stmt"/>
        <line num="46" count="0" type="cond" truecount="0" falsecount="2"/>
        <line num="47" count="0" type="stmt"/>
        <line num="49" count="0" type="stmt"/>
        <line num="53" count="0" type="cond" truecount="0" falsecount="2"/>
        <line num="54" count="0" type="cond" truecount="0" falsecount="2"/>
        <line num="57" count="0" type="stmt"/>
        <line num="68" count="0" type="stmt"/>
        <line num="78" count="0" type="stmt"/>
        <line num="79" count="0" type="stmt"/>
        <line num="80" count="0" type="stmt"/>
        <line num="82" count="0" type="stmt"/>
      </file>
      <file name="Text.tsx" path="/Users/jai/Code/solid-state-group/ssg-frontend-boilerplate/mobile/app/components/base/forms/Text.tsx">
        <metrics statements="3" coveredstatements="3" conditionals="2" coveredconditionals="1" methods="1" coveredmethods="1"/>
        <line num="8" count="1" type="stmt"/>
        <line num="9" count="1" type="cond" truecount="1" falsecount="1"/>
        <line num="11" count="1" type="stmt"/>
      </file>
      <file name="TextInput.js" path="/Users/jai/Code/solid-state-group/ssg-frontend-boilerplate/mobile/app/components/base/forms/TextInput.js">
        <metrics statements="30" coveredstatements="18" conditionals="24" coveredconditionals="7" methods="11" coveredmethods="3"/>
        <line num="9" count="2" type="stmt"/>
        <line num="24" count="2" type="stmt"/>
        <line num="25" count="2" type="stmt"/>
        <line num="27" count="2" type="stmt"/>
        <line num="30" count="1" type="stmt"/>
        <line num="31" count="1" type="stmt"/>
        <line num="36" count="1" type="stmt"/>
        <line num="37" count="0" type="stmt"/>
        <line num="40" count="1" type="stmt"/>
        <line num="41" count="0" type="stmt"/>
        <line num="44" count="1" type="stmt"/>
        <line num="45" count="0" type="stmt"/>
        <line num="48" count="1" type="stmt"/>
        <line num="49" count="0" type="cond" truecount="0" falsecount="2"/>
        <line num="50" count="0" type="stmt"/>
        <line num="56" count="1" type="stmt"/>
        <line num="57" count="0" type="cond" truecount="0" falsecount="2"/>
        <line num="58" count="0" type="stmt"/>
        <line num="62" count="1" type="stmt"/>
        <line num="63" count="0" type="cond" truecount="0" falsecount="2"/>
        <line num="64" count="0" type="stmt"/>
        <line num="66" count="0" type="stmt"/>
        <line num="71" count="1" type="stmt"/>
        <line num="97" count="1" type="stmt"/>
        <line num="119" count="0" type="stmt"/>
        <line num="138" count="2" type="stmt"/>
        <line num="140" count="2" type="stmt"/>
        <line num="165" count="2" type="stmt"/>
        <line num="166" count="0" type="stmt"/>
        <line num="168" count="2" type="stmt"/>
      </file>
    </package>
    <package name="components.base.grid">
      <metrics statements="12" coveredstatements="12" conditionals="27" coveredconditionals="17" methods="5" coveredmethods="5"/>
      <file name="Column.tsx" path="/Users/jai/Code/solid-state-group/ssg-frontend-boilerplate/mobile/app/components/base/grid/Column.tsx">
        <metrics statements="2" coveredstatements="2" conditionals="0" coveredconditionals="0" methods="1" coveredmethods="1"/>
        <line num="11" count="2" type="stmt"/>
        <line num="12" count="2" type="stmt"/>
      </file>
      <file name="Container.tsx" path="/Users/jai/Code/solid-state-group/ssg-frontend-boilerplate/mobile/app/components/base/grid/Container.tsx">
        <metrics statements="2" coveredstatements="2" conditionals="22" coveredconditionals="14" methods="1" coveredmethods="1"/>
        <line num="19" count="1" type="stmt"/>
        <line num="33" count="1" type="stmt"/>
      </file>
      <file name="Flex.tsx" path="/Users/jai/Code/solid-state-group/ssg-frontend-boilerplate/mobile/app/components/base/grid/Flex.tsx">
        <metrics statements="2" coveredstatements="2" conditionals="3" coveredconditionals="2" methods="1" coveredmethods="1"/>
        <line num="14" count="2" type="stmt"/>
        <line num="23" count="2" type="stmt"/>
      </file>
      <file name="FormGroup.tsx" path="/Users/jai/Code/solid-state-group/ssg-frontend-boilerplate/mobile/app/components/base/grid/FormGroup.tsx">
        <metrics statements="3" coveredstatements="3" conditionals="0" coveredconditionals="0" methods="1" coveredmethods="1"/>
        <line num="10" count="2" type="stmt"/>
        <line num="11" count="2" type="stmt"/>
        <line num="14" count="2" type="stmt"/>
      </file>
      <file name="Row.tsx" path="/Users/jai/Code/solid-state-group/ssg-frontend-boilerplate/mobile/app/components/base/grid/Row.tsx">
        <metrics statements="3" coveredstatements="3" conditionals="2" coveredconditionals="1" methods="1" coveredmethods="1"/>
        <line num="12" count="2" type="stmt"/>
        <line num="13" count="2" type="stmt"/>
        <line num="21" count="2" type="stmt"/>
      </file>
    </package>
    <package name="components.base.type">
      <metrics statements="8" coveredstatements="8" conditionals="0" coveredconditionals="0" methods="4" coveredmethods="4"/>
      <file name="H1.tsx" path="/Users/jai/Code/solid-state-group/ssg-frontend-boilerplate/mobile/app/components/base/type/H1.tsx">
        <metrics statements="2" coveredstatements="2" conditionals="0" coveredconditionals="0" methods="1" coveredmethods="1"/>
        <line num="12" count="1" type="stmt"/>
        <line num="18" count="1" type="stmt"/>
      </file>
      <file name="H2.tsx" path="/Users/jai/Code/solid-state-group/ssg-frontend-boilerplate/mobile/app/components/base/type/H2.tsx">
        <metrics statements="2" coveredstatements="2" conditionals="0" coveredconditionals="0" methods="1" coveredmethods="1"/>
        <line num="12" count="1" type="stmt"/>
        <line num="18" count="1" type="stmt"/>
      </file>
      <file name="H3.tsx" path="/Users/jai/Code/solid-state-group/ssg-frontend-boilerplate/mobile/app/components/base/type/H3.tsx">
        <metrics statements="2" coveredstatements="2" conditionals="0" coveredconditionals="0" methods="1" coveredmethods="1"/>
        <line num="12" count="1" type="stmt"/>
        <line num="18" count="1" type="stmt"/>
      </file>
      <file name="H4.tsx" path="/Users/jai/Code/solid-state-group/ssg-frontend-boilerplate/mobile/app/components/base/type/H4.tsx">
        <metrics statements="2" coveredstatements="2" conditionals="0" coveredconditionals="0" methods="1" coveredmethods="1"/>
        <line num="14" count="1" type="stmt"/>
        <line num="22" count="1" type="stmt"/>
      </file>
    </package>
    <package name="style">
      <metrics statements="13" coveredstatements="13" conditionals="4" coveredconditionals="4" methods="0" coveredmethods="0"/>
      <file name="_style_screen.ts" path="/Users/jai/Code/solid-state-group/ssg-frontend-boilerplate/mobile/app/style/_style_screen.ts">
        <metrics statements="3" coveredstatements="3" conditionals="0" coveredconditionals="0" methods="0" coveredmethods="0"/>
        <line num="14" count="20" type="stmt"/>
        <line num="24" count="20" type="stmt"/>
        <line num="26" count="20" type="stmt"/>
      </file>
      <file name="style_base.ts" path="/Users/jai/Code/solid-state-group/ssg-frontend-boilerplate/mobile/app/style/style_base.ts">
        <metrics statements="0" coveredstatements="0" conditionals="0" coveredconditionals="0" methods="0" coveredmethods="0"/>
      </file>
      <file name="style_buttons.ts" path="/Users/jai/Code/solid-state-group/ssg-frontend-boilerplate/mobile/app/style/style_buttons.ts">
        <metrics statements="0" coveredstatements="0" conditionals="0" coveredconditionals="0" methods="0" coveredmethods="0"/>
      </file>
      <file name="style_forms.ts" path="/Users/jai/Code/solid-state-group/ssg-frontend-boilerplate/mobile/app/style/style_forms.ts">
        <metrics statements="0" coveredstatements="0" conditionals="0" coveredconditionals="0" methods="0" coveredmethods="0"/>
      </file>
      <file name="style_grid.ts" path="/Users/jai/Code/solid-state-group/ssg-frontend-boilerplate/mobile/app/style/style_grid.ts">
        <metrics statements="1" coveredstatements="1" conditionals="0" coveredconditionals="0" methods="0" coveredmethods="0"/>
        <line num="3" count="20" type="stmt"/>
      </file>
      <file name="style_lists.ts" path="/Users/jai/Code/solid-state-group/ssg-frontend-boilerplate/mobile/app/style/style_lists.ts">
        <metrics statements="0" coveredstatements="0" conditionals="0" coveredconditionals="0" methods="0" coveredmethods="0"/>
      </file>
      <file name="style_type.ts" path="/Users/jai/Code/solid-state-group/ssg-frontend-boilerplate/mobile/app/style/style_type.ts">
        <metrics statements="0" coveredstatements="0" conditionals="0" coveredconditionals="0" methods="0" coveredmethods="0"/>
      </file>
      <file name="style_variables.ts" path="/Users/jai/Code/solid-state-group/ssg-frontend-boilerplate/mobile/app/style/style_variables.ts">
        <metrics statements="9" coveredstatements="9" conditionals="4" coveredconditionals="4" methods="0" coveredmethods="0"/>
        <line num="1" count="20" type="stmt"/>
        <line num="4" count="20" type="stmt"/>
        <line num="5" count="20" type="stmt"/>
        <line num="6" count="20" type="stmt"/>
        <line num="8" count="20" type="stmt"/>
        <line num="20" count="20" type="stmt"/>
        <line num="33" count="20" type="stmt"/>
        <line num="70" count="20" type="stmt"/>
        <line num="71" count="20" type="stmt"/>
      </file>
    </package>
    <package name="style.style-utils">
      <metrics statements="9" coveredstatements="9" conditionals="4" coveredconditionals="1" methods="2" coveredmethods="2"/>
      <file name="asStyle.ts" path="/Users/jai/Code/solid-state-group/ssg-frontend-boilerplate/mobile/app/style/style-utils/asStyle.ts">
        <metrics statements="1" coveredstatements="1" conditionals="0" coveredconditionals="0" methods="1" coveredmethods="1"/>
        <line num="3" count="120" type="stmt"/>
      </file>
      <file name="style_pxToEm.ts" path="/Users/jai/Code/solid-state-group/ssg-frontend-boilerplate/mobile/app/style/style-utils/style_pxToEm.ts">
        <metrics statements="8" coveredstatements="8" conditionals="4" coveredconditionals="1" methods="1" coveredmethods="1"/>
        <line num="3" count="20" type="stmt"/>
        <line num="6" count="20" type="cond" truecount="1" falsecount="3"/>
        <line num="9" count="20" type="stmt"/>
        <line num="11" count="20" type="stmt"/>
        <line num="14" count="20" type="stmt"/>
        <line num="15" count="160" type="stmt"/>
        <line num="17" count="20" type="stmt"/>
        <line num="19" count="20" type="stmt"/>
      </file>
    </package>
  </project>
</coverage>
