{"/Users/jai/Code/solid-state-group/ssg-frontend-boilerplate/mobile/app/components/base/ListItem.tsx": {"path":"/Users/jai/Code/solid-state-group/ssg-frontend-boilerplate/mobile/app/components/base/ListItem.tsx","statementMap":{"0":{"start":{"line":19,"column":34},"end":{"line":66,"column":1}},"1":{"start":{"line":31,"column":4},"end":{"line":36,"column":11}},"2":{"start":{"line":39,"column":2},"end":{"line":65,"column":4}}},"fnMap":{"0":{"name":"(anonymous_0)","decl":{"start":{"line":19,"column":34},"end":{"line":19,"column":35}},"loc":{"start":{"line":29,"column":6},"end":{"line":66,"column":1}},"line":29}},"branchMap":{"0":{"loc":{"start":{"line":27,"column":2},"end":{"line":27,"column":16}},"type":"default-arg","locations":[{"start":{"line":27,"column":12},"end":{"line":27,"column":16}}],"line":27},"1":{"loc":{"start":{"line":28,"column":2},"end":{"line":28,"column":11}},"type":"default-arg","locations":[{"start":{"line":28,"column":10},"end":{"line":28,"column":11}}],"line":28},"2":{"loc":{"start":{"line":34,"column":22},"end":{"line":34,"column":57}},"type":"binary-expr","locations":[{"start":{"line":34,"column":22},"end":{"line":34,"column":30}},{"start":{"line":34,"column":34},"end":{"line":34,"column":57}}],"line":34},"3":{"loc":{"start":{"line":39,"column":9},"end":{"line":65,"column":3}},"type":"cond-expr","locations":[{"start":{"line":40,"column":4},"end":{"line":62,"column":11}},{"start":{"line":64,"column":4},"end":{"line":64,"column":61}}],"line":39},"4":{"loc":{"start":{"line":40,"column":17},"end":{"line":40,"column":41}},"type":"binary-expr","locations":[{"start":{"line":40,"column":17},"end":{"line":40,"column":22}},{"start":{"line":40,"column":26},"end":{"line":40,"column":41}}],"line":40},"5":{"loc":{"start":{"line":41,"column":7},"end":{"line":61,"column":7}},"type":"cond-expr","locations":[{"start":{"line":42,"column":8},"end":{"line":50,"column":34}},{"start":{"line":52,"column":8},"end":{"line":60,"column":27}}],"line":41},"6":{"loc":{"start":{"line":46,"column":19},"end":{"line":46,"column":44}},"type":"cond-expr","locations":[{"start":{"line":46,"column":30},"end":{"line":46,"column":34}},{"start":{"line":46,"column":37},"end":{"line":46,"column":44}}],"line":46},"7":{"loc":{"start":{"line":57,"column":19},"end":{"line":57,"column":44}},"type":"cond-expr","locations":[{"start":{"line":57,"column":30},"end":{"line":57,"column":34}},{"start":{"line":57,"column":37},"end":{"line":57,"column":44}}],"line":57},"8":{"loc":{"start":{"line":64,"column":18},"end":{"line":64,"column":42}},"type":"binary-expr","locations":[{"start":{"line":64,"column":18},"end":{"line":64,"column":23}},{"start":{"line":64,"column":27},"end":{"line":64,"column":42}}],"line":64}},"s":{"0":1,"1":1,"2":1},"f":{"0":1},"b":{"0":[1],"1":[1],"2":[1,0],"3":[0,1],"4":[0,0],"5":[0,0],"6":[0,0],"7":[0,0],"8":[1,1]},"_coverageSchema":"1a1c01bbd47fc00a2c39e90264f33305004495a9","hash":"a4883c58ee86ab2022f1ecfa32e5a676781c9196"}
,"/Users/jai/Code/solid-state-group/ssg-frontend-boilerplate/mobile/app/components/base/Loader.tsx": {"path":"/Users/jai/Code/solid-state-group/ssg-frontend-boilerplate/mobile/app/components/base/Loader.tsx","statementMap":{"0":{"start":{"line":5,"column":13},"end":{"line":5,"column":51}},"1":{"start":{"line":7,"column":0},"end":{"line":7,"column":68}},"2":{"start":{"line":9,"column":22},"end":{"line":21,"column":1}},"3":{"start":{"line":10,"column":2},"end":{"line":20,"column":9}}},"fnMap":{"0":{"name":"(anonymous_0)","decl":{"start":{"line":9,"column":22},"end":{"line":9,"column":23}},"loc":{"start":{"line":10,"column":2},"end":{"line":20,"column":9}},"line":10}},"branchMap":{},"s":{"0":2,"1":2,"2":2,"3":1},"f":{"0":1},"b":{},"_coverageSchema":"1a1c01bbd47fc00a2c39e90264f33305004495a9","hash":"075ae702e89991ce383147c0a97b070a05b420a6"}
,"/Users/jai/Code/solid-state-group/ssg-frontend-boilerplate/mobile/app/components/base/SelectModal.tsx": {"path":"/Users/jai/Code/solid-state-group/ssg-frontend-boilerplate/mobile/app/components/base/SelectModal.tsx","statementMap":{"0":{"start":{"line":22,"column":37},"end":{"line":83,"column":1}},"1":{"start":{"line":33,"column":40},"end":{"line":36,"column":4}},"2":{"start":{"line":38,"column":17},"end":{"line":38,"column":50}},"3":{"start":{"line":38,"column":23},"end":{"line":38,"column":50}},"4":{"start":{"line":40,"column":26},"end":{"line":49,"column":3}},"5":{"start":{"line":41,"column":4},"end":{"line":48,"column":5}},"6":{"start":{"line":42,"column":6},"end":{"line":42,"column":22}},"7":{"start":{"line":44,"column":6},"end":{"line":47,"column":10}},"8":{"start":{"line":44,"column":37},"end":{"line":47,"column":7}},"9":{"start":{"line":51,"column":2},"end":{"line":82,"column":4}},"10":{"start":{"line":68,"column":14},"end":{"line":68,"column":53}}},"fnMap":{"0":{"name":"(anonymous_0)","decl":{"start":{"line":22,"column":37},"end":{"line":22,"column":38}},"loc":{"start":{"line":32,"column":6},"end":{"line":83,"column":1}},"line":32},"1":{"name":"(anonymous_1)","decl":{"start":{"line":38,"column":17},"end":{"line":38,"column":18}},"loc":{"start":{"line":38,"column":23},"end":{"line":38,"column":50}},"line":38},"2":{"name":"(anonymous_2)","decl":{"start":{"line":40,"column":26},"end":{"line":40,"column":27}},"loc":{"start":{"line":40,"column":41},"end":{"line":49,"column":3}},"line":40},"3":{"name":"(anonymous_3)","decl":{"start":{"line":44,"column":21},"end":{"line":44,"column":22}},"loc":{"start":{"line":44,"column":37},"end":{"line":47,"column":7}},"line":44},"4":{"name":"(anonymous_4)","decl":{"start":{"line":67,"column":23},"end":{"line":67,"column":24}},"loc":{"start":{"line":68,"column":14},"end":{"line":68,"column":53}},"line":68}},"branchMap":{"0":{"loc":{"start":{"line":41,"column":4},"end":{"line":48,"column":5}},"type":"if","locations":[{"start":{"line":41,"column":4},"end":{"line":48,"column":5}},{"start":{"line":41,"column":4},"end":{"line":48,"column":5}}],"line":41},"1":{"loc":{"start":{"line":53,"column":7},"end":{"line":57,"column":7}},"type":"binary-expr","locations":[{"start":{"line":53,"column":7},"end":{"line":53,"column":16}},{"start":{"line":54,"column":8},"end":{"line":56,"column":15}}],"line":53},"2":{"loc":{"start":{"line":58,"column":7},"end":{"line":73,"column":7}},"type":"binary-expr","locations":[{"start":{"line":58,"column":7},"end":{"line":58,"column":12}},{"start":{"line":59,"column":8},"end":{"line":72,"column":15}}],"line":58},"3":{"loc":{"start":{"line":61,"column":25},"end":{"line":61,"column":48}},"type":"binary-expr","locations":[{"start":{"line":61,"column":25},"end":{"line":61,"column":36}},{"start":{"line":61,"column":40},"end":{"line":61,"column":48}}],"line":61}},"s":{"0":1,"1":1,"2":1,"3":0,"4":1,"5":0,"6":0,"7":0,"8":0,"9":1,"10":0},"f":{"0":1,"1":0,"2":0,"3":0,"4":0},"b":{"0":[0,0],"1":[1,0],"2":[1,0],"3":[0,0]},"_coverageSchema":"1a1c01bbd47fc00a2c39e90264f33305004495a9","hash":"9612f438ef0e0da1d4ede078495e48e9be4a7ef4"}
,"/Users/jai/Code/solid-state-group/ssg-frontend-boilerplate/mobile/app/components/base/forms/Button.tsx": {"path":"/Users/jai/Code/solid-state-group/ssg-frontend-boilerplate/mobile/app/components/base/forms/Button.tsx","statementMap":{"0":{"start":{"line":28,"column":79},"end":{"line":31,"column":1}},"1":{"start":{"line":33,"column":69},"end":{"line":36,"column":1}},"2":{"start":{"line":38,"column":75},"end":{"line":41,"column":1}},"3":{"start":{"line":43,"column":46},"end":{"line":120,"column":1}},"4":{"start":{"line":57,"column":22},"end":{"line":59,"column":23}},"5":{"start":{"line":58,"column":4},"end":{"line":58,"column":144}},"6":{"start":{"line":61,"column":26},"end":{"line":61,"column":84}},"7":{"start":{"line":63,"column":24},"end":{"line":65,"column":27}},"8":{"start":{"line":64,"column":4},"end":{"line":64,"column":72}},"9":{"start":{"line":67,"column":21},"end":{"line":75,"column":17}},"10":{"start":{"line":69,"column":33},"end":{"line":69,"column":89}},"11":{"start":{"line":70,"column":4},"end":{"line":74,"column":26}},"12":{"start":{"line":78,"column":2},"end":{"line":119,"column":4}},"13":{"start":{"line":83,"column":32},"end":{"line":83,"column":69}},"14":{"start":{"line":90,"column":12},"end":{"line":93,"column":19}},"15":{"start":{"line":123,"column":60},"end":{"line":134,"column":1}},"16":{"start":{"line":124,"column":2},"end":{"line":133,"column":4}},"17":{"start":{"line":136,"column":67},"end":{"line":148,"column":1}},"18":{"start":{"line":137,"column":2},"end":{"line":147,"column":4}},"19":{"start":{"line":150,"column":57},"end":{"line":163,"column":1}},"20":{"start":{"line":151,"column":2},"end":{"line":162,"column":4}},"21":{"start":{"line":165,"column":62},"end":{"line":174,"column":1}},"22":{"start":{"line":166,"column":2},"end":{"line":173,"column":4}},"23":{"start":{"line":176,"column":61},"end":{"line":187,"column":1}},"24":{"start":{"line":177,"column":2},"end":{"line":186,"column":4}},"25":{"start":{"line":189,"column":57},"end":{"line":199,"column":1}},"26":{"start":{"line":191,"column":2},"end":{"line":198,"column":4}},"27":{"start":{"line":201,"column":56},"end":{"line":209,"column":1}},"28":{"start":{"line":202,"column":2},"end":{"line":208,"column":4}},"29":{"start":{"line":211,"column":15},"end":{"line":211,"column":48}}},"fnMap":{"0":{"name":"(anonymous_0)","decl":{"start":{"line":43,"column":46},"end":{"line":43,"column":47}},"loc":{"start":{"line":56,"column":6},"end":{"line":120,"column":1}},"line":56},"1":{"name":"(anonymous_1)","decl":{"start":{"line":57,"column":30},"end":{"line":57,"column":31}},"loc":{"start":{"line":58,"column":4},"end":{"line":58,"column":144}},"line":58},"2":{"name":"(anonymous_2)","decl":{"start":{"line":63,"column":32},"end":{"line":63,"column":33}},"loc":{"start":{"line":64,"column":4},"end":{"line":64,"column":72}},"line":64},"3":{"name":"(anonymous_3)","decl":{"start":{"line":67,"column":29},"end":{"line":67,"column":30}},"loc":{"start":{"line":67,"column":35},"end":{"line":75,"column":3}},"line":67},"4":{"name":"(anonymous_4)","decl":{"start":{"line":83,"column":15},"end":{"line":83,"column":16}},"loc":{"start":{"line":83,"column":32},"end":{"line":83,"column":69}},"line":83},"5":{"name":"(anonymous_5)","decl":{"start":{"line":88,"column":10},"end":{"line":88,"column":11}},"loc":{"start":{"line":90,"column":12},"end":{"line":93,"column":19}},"line":90},"6":{"name":"(anonymous_6)","decl":{"start":{"line":123,"column":60},"end":{"line":123,"column":61}},"loc":{"start":{"line":123,"column":71},"end":{"line":134,"column":1}},"line":123},"7":{"name":"(anonymous_7)","decl":{"start":{"line":136,"column":67},"end":{"line":136,"column":68}},"loc":{"start":{"line":136,"column":78},"end":{"line":148,"column":1}},"line":136},"8":{"name":"(anonymous_8)","decl":{"start":{"line":150,"column":57},"end":{"line":150,"column":58}},"loc":{"start":{"line":150,"column":68},"end":{"line":163,"column":1}},"line":150},"9":{"name":"(anonymous_9)","decl":{"start":{"line":165,"column":62},"end":{"line":165,"column":63}},"loc":{"start":{"line":165,"column":73},"end":{"line":174,"column":1}},"line":165},"10":{"name":"(anonymous_10)","decl":{"start":{"line":176,"column":61},"end":{"line":176,"column":62}},"loc":{"start":{"line":176,"column":72},"end":{"line":187,"column":1}},"line":176},"11":{"name":"(anonymous_11)","decl":{"start":{"line":189,"column":57},"end":{"line":189,"column":58}},"loc":{"start":{"line":189,"column":68},"end":{"line":199,"column":1}},"line":189},"12":{"name":"(anonymous_12)","decl":{"start":{"line":201,"column":56},"end":{"line":201,"column":57}},"loc":{"start":{"line":201,"column":67},"end":{"line":209,"column":1}},"line":201}},"branchMap":{"0":{"loc":{"start":{"line":54,"column":12},"end":{"line":54,"column":27}},"type":"default-arg","locations":[{"start":{"line":54,"column":24},"end":{"line":54,"column":27}}],"line":54},"1":{"loc":{"start":{"line":58,"column":4},"end":{"line":58,"column":144}},"type":"cond-expr","locations":[{"start":{"line":58,"column":12},"end":{"line":58,"column":80}},{"start":{"line":58,"column":83},"end":{"line":58,"column":144}}],"line":58},"2":{"loc":{"start":{"line":58,"column":40},"end":{"line":58,"column":79}},"type":"cond-expr","locations":[{"start":{"line":58,"column":51},"end":{"line":58,"column":72}},{"start":{"line":58,"column":75},"end":{"line":58,"column":79}}],"line":58},"3":{"loc":{"start":{"line":58,"column":104},"end":{"line":58,"column":143}},"type":"cond-expr","locations":[{"start":{"line":58,"column":115},"end":{"line":58,"column":136}},{"start":{"line":58,"column":139},"end":{"line":58,"column":143}}],"line":58},"4":{"loc":{"start":{"line":61,"column":26},"end":{"line":61,"column":84}},"type":"binary-expr","locations":[{"start":{"line":61,"column":26},"end":{"line":61,"column":33}},{"start":{"line":61,"column":37},"end":{"line":61,"column":84}}],"line":61},"5":{"loc":{"start":{"line":69,"column":33},"end":{"line":69,"column":89}},"type":"cond-expr","locations":[{"start":{"line":69,"column":66},"end":{"line":69,"column":75}},{"start":{"line":69,"column":78},"end":{"line":69,"column":89}}],"line":69},"6":{"loc":{"start":{"line":69,"column":33},"end":{"line":69,"column":63}},"type":"binary-expr","locations":[{"start":{"line":69,"column":33},"end":{"line":69,"column":42}},{"start":{"line":69,"column":46},"end":{"line":69,"column":63}}],"line":69},"7":{"loc":{"start":{"line":70,"column":11},"end":{"line":74,"column":25}},"type":"cond-expr","locations":[{"start":{"line":70,"column":23},"end":{"line":74,"column":5}},{"start":{"line":74,"column":8},"end":{"line":74,"column":25}}],"line":70},"8":{"loc":{"start":{"line":83,"column":32},"end":{"line":83,"column":69}},"type":"cond-expr","locations":[{"start":{"line":83,"column":42},"end":{"line":83,"column":55}},{"start":{"line":83,"column":58},"end":{"line":83,"column":69}}],"line":83},"9":{"loc":{"start":{"line":85,"column":24},"end":{"line":85,"column":59}},"type":"binary-expr","locations":[{"start":{"line":85,"column":24},"end":{"line":85,"column":38}},{"start":{"line":85,"column":42},"end":{"line":85,"column":59}}],"line":85},"10":{"loc":{"start":{"line":87,"column":9},"end":{"line":95,"column":22}},"type":"cond-expr","locations":[{"start":{"line":88,"column":10},"end":{"line":94,"column":11}},{"start":{"line":95,"column":13},"end":{"line":95,"column":21}}],"line":87},"11":{"loc":{"start":{"line":90,"column":25},"end":{"line":90,"column":103}},"type":"cond-expr","locations":[{"start":{"line":90,"column":57},"end":{"line":90,"column":67}},{"start":{"line":90,"column":70},"end":{"line":90,"column":103}}],"line":90},"12":{"loc":{"start":{"line":90,"column":25},"end":{"line":90,"column":54}},"type":"binary-expr","locations":[{"start":{"line":90,"column":25},"end":{"line":90,"column":33}},{"start":{"line":90,"column":37},"end":{"line":90,"column":54}}],"line":90},"13":{"loc":{"start":{"line":92,"column":15},"end":{"line":92,"column":61}},"type":"cond-expr","locations":[{"start":{"line":92,"column":39},"end":{"line":92,"column":50}},{"start":{"line":92,"column":53},"end":{"line":92,"column":61}}],"line":92},"14":{"loc":{"start":{"line":99,"column":7},"end":{"line":116,"column":12}},"type":"cond-expr","locations":[{"start":{"line":100,"column":8},"end":{"line":114,"column":15}},{"start":{"line":116,"column":8},"end":{"line":116,"column":12}}],"line":99}},"s":{"0":2,"1":2,"2":2,"3":2,"4":2,"5":2,"6":2,"7":2,"8":2,"9":2,"10":2,"11":2,"12":2,"13":2,"14":1,"15":2,"16":0,"17":2,"18":0,"19":2,"20":0,"21":2,"22":0,"23":2,"24":0,"25":2,"26":0,"27":2,"28":0,"29":2},"f":{"0":2,"1":2,"2":2,"3":2,"4":2,"5":1,"6":0,"7":0,"8":0,"9":0,"10":0,"11":0,"12":0},"b":{"0":[2],"1":[1,1],"2":[0,1],"3":[0,1],"4":[2,1],"5":[0,2],"6":[2,0],"7":[0,2],"8":[0,2],"9":[2,2],"10":[1,1],"11":[1,0],"12":[1,0],"13":[0,1],"14":[0,2]},"_coverageSchema":"1a1c01bbd47fc00a2c39e90264f33305004495a9","hash":"d5be3cb90cd70087e0c87991044d4234c9d51c41"}
,"/Users/jai/Code/solid-state-group/ssg-frontend-boilerplate/mobile/app/components/base/forms/Select.tsx": {"path":"/Users/jai/Code/solid-state-group/ssg-frontend-boilerplate/mobile/app/components/base/forms/Select.tsx","statementMap":{"0":{"start":{"line":20,"column":32},"end":{"line":95,"column":1}},"1":{"start":{"line":32,"column":30},"end":{"line":32,"column":42}},"2":{"start":{"line":34,"column":28},"end":{"line":35,"column":52}},"3":{"start":{"line":35,"column":4},"end":{"line":35,"column":52}},"4":{"start":{"line":37,"column":18},"end":{"line":51,"column":3}},"5":{"start":{"line":38,"column":4},"end":{"line":50,"column":5}},"6":{"start":{"line":39,"column":6},"end":{"line":45,"column":7}},"7":{"start":{"line":40,"column":8},"end":{"line":40,"column":42}},"8":{"start":{"line":42,"column":22},"end":{"line":42,"column":61}},"9":{"start":{"line":42,"column":49},"end":{"line":42,"column":60}},"10":{"start":{"line":43,"column":8},"end":{"line":43,"column":31}},"11":{"start":{"line":44,"column":8},"end":{"line":44,"column":24}},"12":{"start":{"line":46,"column":11},"end":{"line":50,"column":5}},"13":{"start":{"line":47,"column":6},"end":{"line":47,"column":18}},"14":{"start":{"line":49,"column":6},"end":{"line":49,"column":21}},"15":{"start":{"line":53,"column":15},"end":{"line":55,"column":11}},"16":{"start":{"line":54,"column":29},"end":{"line":54,"column":64}},"17":{"start":{"line":57,"column":2},"end":{"line":94,"column":4}},"18":{"start":{"line":68,"column":43},"end":{"line":68,"column":77}},"19":{"start":{"line":78,"column":31},"end":{"line":78,"column":54}},"20":{"start":{"line":79,"column":31},"end":{"line":81,"column":13}},"21":{"start":{"line":80,"column":14},"end":{"line":80,"column":41}},"22":{"start":{"line":82,"column":12},"end":{"line":82,"column":59}}},"fnMap":{"0":{"name":"(anonymous_0)","decl":{"start":{"line":20,"column":32},"end":{"line":20,"column":33}},"loc":{"start":{"line":31,"column":6},"end":{"line":95,"column":1}},"line":31},"1":{"name":"(anonymous_1)","decl":{"start":{"line":34,"column":28},"end":{"line":34,"column":29}},"loc":{"start":{"line":35,"column":4},"end":{"line":35,"column":52}},"line":35},"2":{"name":"(anonymous_2)","decl":{"start":{"line":37,"column":18},"end":{"line":37,"column":19}},"loc":{"start":{"line":37,"column":35},"end":{"line":51,"column":3}},"line":37},"3":{"name":"(anonymous_3)","decl":{"start":{"line":42,"column":38},"end":{"line":42,"column":39}},"loc":{"start":{"line":42,"column":49},"end":{"line":42,"column":60}},"line":42},"4":{"name":"(anonymous_4)","decl":{"start":{"line":54,"column":19},"end":{"line":54,"column":20}},"loc":{"start":{"line":54,"column":29},"end":{"line":54,"column":64}},"line":54},"5":{"name":"(anonymous_5)","decl":{"start":{"line":68,"column":28},"end":{"line":68,"column":29}},"loc":{"start":{"line":68,"column":43},"end":{"line":68,"column":77}},"line":68},"6":{"name":"(anonymous_6)","decl":{"start":{"line":77,"column":22},"end":{"line":77,"column":23}},"loc":{"start":{"line":77,"column":36},"end":{"line":83,"column":11}},"line":77},"7":{"name":"(anonymous_7)","decl":{"start":{"line":79,"column":31},"end":{"line":79,"column":32}},"loc":{"start":{"line":79,"column":37},"end":{"line":81,"column":13}},"line":79}},"branchMap":{"0":{"loc":{"start":{"line":25,"column":2},"end":{"line":25,"column":12}},"type":"default-arg","locations":[{"start":{"line":25,"column":10},"end":{"line":25,"column":12}}],"line":25},"1":{"loc":{"start":{"line":35,"column":4},"end":{"line":35,"column":52}},"type":"cond-expr","locations":[{"start":{"line":35,"column":15},"end":{"line":35,"column":38}},{"start":{"line":35,"column":41},"end":{"line":35,"column":52}}],"line":35},"2":{"loc":{"start":{"line":38,"column":4},"end":{"line":50,"column":5}},"type":"if","locations":[{"start":{"line":38,"column":4},"end":{"line":50,"column":5}},{"start":{"line":38,"column":4},"end":{"line":50,"column":5}}],"line":38},"3":{"loc":{"start":{"line":39,"column":6},"end":{"line":45,"column":7}},"type":"if","locations":[{"start":{"line":39,"column":6},"end":{"line":45,"column":7}},{"start":{"line":39,"column":6},"end":{"line":45,"column":7}}],"line":39},"4":{"loc":{"start":{"line":40,"column":18},"end":{"line":40,"column":29}},"type":"binary-expr","locations":[{"start":{"line":40,"column":18},"end":{"line":40,"column":23}},{"start":{"line":40,"column":27},"end":{"line":40,"column":29}}],"line":40},"5":{"loc":{"start":{"line":46,"column":11},"end":{"line":50,"column":5}},"type":"if","locations":[{"start":{"line":46,"column":11},"end":{"line":50,"column":5}},{"start":{"line":46,"column":11},"end":{"line":50,"column":5}}],"line":46},"6":{"loc":{"start":{"line":53,"column":15},"end":{"line":55,"column":11}},"type":"cond-expr","locations":[{"start":{"line":54,"column":6},"end":{"line":54,"column":65}},{"start":{"line":55,"column":6},"end":{"line":55,"column":11}}],"line":53},"7":{"loc":{"start":{"line":54,"column":29},"end":{"line":54,"column":64}},"type":"binary-expr","locations":[{"start":{"line":54,"column":29},"end":{"line":54,"column":44}},{"start":{"line":54,"column":48},"end":{"line":54,"column":64}}],"line":54},"8":{"loc":{"start":{"line":59,"column":7},"end":{"line":73,"column":7}},"type":"binary-expr","locations":[{"start":{"line":59,"column":7},"end":{"line":59,"column":17}},{"start":{"line":60,"column":8},"end":{"line":72,"column":20}}],"line":59},"9":{"loc":{"start":{"line":74,"column":7},"end":{"line":92,"column":7}},"type":"cond-expr","locations":[{"start":{"line":75,"column":8},"end":{"line":84,"column":10}},{"start":{"line":85,"column":10},"end":{"line":92,"column":7}}],"line":74},"10":{"loc":{"start":{"line":74,"column":7},"end":{"line":74,"column":26}},"type":"binary-expr","locations":[{"start":{"line":74,"column":7},"end":{"line":74,"column":11}},{"start":{"line":74,"column":15},"end":{"line":74,"column":26}}],"line":74},"11":{"loc":{"start":{"line":85,"column":10},"end":{"line":92,"column":7}},"type":"cond-expr","locations":[{"start":{"line":86,"column":8},"end":{"line":86,"column":25}},{"start":{"line":88,"column":8},"end":{"line":91,"column":15}}],"line":85}},"s":{"0":1,"1":0,"2":0,"3":0,"4":0,"5":0,"6":0,"7":0,"8":0,"9":0,"10":0,"11":0,"12":0,"13":0,"14":0,"15":0,"16":0,"17":0,"18":0,"19":0,"20":0,"21":0,"22":0},"f":{"0":0,"1":0,"2":0,"3":0,"4":0,"5":0,"6":0,"7":0},"b":{"0":[0],"1":[0,0],"2":[0,0],"3":[0,0],"4":[0,0],"5":[0,0],"6":[0,0],"7":[0,0],"8":[0,0],"9":[0,0],"10":[0,0],"11":[0,0]},"_coverageSchema":"1a1c01bbd47fc00a2c39e90264f33305004495a9","hash":"66438f0774537f262999754b6e6501c5c5b523ff"}
,"/Users/jai/Code/solid-state-group/ssg-frontend-boilerplate/mobile/app/components/base/forms/Text.tsx": {"path":"/Users/jai/Code/solid-state-group/ssg-frontend-boilerplate/mobile/app/components/base/forms/Text.tsx","statementMap":{"0":{"start":{"line":8,"column":39},"end":{"line":16,"column":1}},"1":{"start":{"line":9,"column":16},"end":{"line":9,"column":72}},"2":{"start":{"line":11,"column":2},"end":{"line":15,"column":4}}},"fnMap":{"0":{"name":"(anonymous_0)","decl":{"start":{"line":8,"column":39},"end":{"line":8,"column":40}},"loc":{"start":{"line":8,"column":50},"end":{"line":16,"column":1}},"line":8}},"branchMap":{"0":{"loc":{"start":{"line":9,"column":16},"end":{"line":9,"column":72}},"type":"cond-expr","locations":[{"start":{"line":9,"column":45},"end":{"line":9,"column":56}},{"start":{"line":9,"column":59},"end":{"line":9,"column":72}}],"line":9}},"s":{"0":1,"1":1,"2":1},"f":{"0":1},"b":{"0":[0,1]},"_coverageSchema":"1a1c01bbd47fc00a2c39e90264f33305004495a9","hash":"4086015b486b428fe0b87c59dfdc172383eee89f"}
,"/Users/jai/Code/solid-state-group/ssg-frontend-boilerplate/mobile/app/components/base/forms/TextInput.js": {"path":"/Users/jai/Code/solid-state-group/ssg-frontend-boilerplate/mobile/app/components/base/forms/TextInput.js","statementMap":{"0":{"start":{"line":9,"column":27},"end":{"line":22,"column":1}},"1":{"start":{"line":24,"column":18},"end":{"line":136,"column":1}},"2":{"start":{"line":25,"column":23},"end":{"line":25,"column":34}},"3":{"start":{"line":27,"column":21},"end":{"line":27,"column":39}},"4":{"start":{"line":30,"column":4},"end":{"line":30,"column":26}},"5":{"start":{"line":31,"column":4},"end":{"line":33,"column":5}},"6":{"start":{"line":36,"column":10},"end":{"line":38,"column":3}},"7":{"start":{"line":37,"column":4},"end":{"line":37,"column":26}},"8":{"start":{"line":40,"column":9},"end":{"line":42,"column":3}},"9":{"start":{"line":41,"column":4},"end":{"line":41,"column":25}},"10":{"start":{"line":44,"column":10},"end":{"line":46,"column":3}},"11":{"start":{"line":45,"column":4},"end":{"line":45,"column":26}},"12":{"start":{"line":48,"column":12},"end":{"line":52,"column":3}},"13":{"start":{"line":49,"column":4},"end":{"line":51,"column":5}},"14":{"start":{"line":50,"column":6},"end":{"line":50,"column":27}},"15":{"start":{"line":56,"column":11},"end":{"line":60,"column":3}},"16":{"start":{"line":57,"column":4},"end":{"line":59,"column":5}},"17":{"start":{"line":58,"column":6},"end":{"line":58,"column":27}},"18":{"start":{"line":62,"column":17},"end":{"line":67,"column":3}},"19":{"start":{"line":63,"column":4},"end":{"line":65,"column":5}},"20":{"start":{"line":64,"column":6},"end":{"line":64,"column":13}},"21":{"start":{"line":66,"column":4},"end":{"line":66,"column":34}},"22":{"start":{"line":71,"column":4},"end":{"line":134,"column":6}},"23":{"start":{"line":97,"column":30},"end":{"line":97,"column":49}},"24":{"start":{"line":119,"column":29},"end":{"line":119,"column":91}},"25":{"start":{"line":138,"column":0},"end":{"line":138,"column":25}},"26":{"start":{"line":140,"column":0},"end":{"line":158,"column":2}},"27":{"start":{"line":165,"column":25},"end":{"line":167,"column":1}},"28":{"start":{"line":166,"column":4},"end":{"line":166,"column":68}},"29":{"start":{"line":168,"column":0},"end":{"line":168,"column":41}}},"fnMap":{"0":{"name":"(anonymous_0)","decl":{"start":{"line":29,"column":2},"end":{"line":29,"column":3}},"loc":{"start":{"line":29,"column":30},"end":{"line":34,"column":3}},"line":29},"1":{"name":"(anonymous_1)","decl":{"start":{"line":36,"column":10},"end":{"line":36,"column":11}},"loc":{"start":{"line":36,"column":16},"end":{"line":38,"column":3}},"line":36},"2":{"name":"(anonymous_2)","decl":{"start":{"line":40,"column":9},"end":{"line":40,"column":10}},"loc":{"start":{"line":40,"column":15},"end":{"line":42,"column":3}},"line":40},"3":{"name":"(anonymous_3)","decl":{"start":{"line":44,"column":10},"end":{"line":44,"column":11}},"loc":{"start":{"line":44,"column":16},"end":{"line":46,"column":3}},"line":44},"4":{"name":"(anonymous_4)","decl":{"start":{"line":48,"column":12},"end":{"line":48,"column":13}},"loc":{"start":{"line":48,"column":18},"end":{"line":52,"column":3}},"line":48},"5":{"name":"(anonymous_5)","decl":{"start":{"line":56,"column":11},"end":{"line":56,"column":12}},"loc":{"start":{"line":56,"column":18},"end":{"line":60,"column":3}},"line":56},"6":{"name":"(anonymous_6)","decl":{"start":{"line":62,"column":17},"end":{"line":62,"column":18}},"loc":{"start":{"line":62,"column":27},"end":{"line":67,"column":3}},"line":62},"7":{"name":"(anonymous_7)","decl":{"start":{"line":69,"column":2},"end":{"line":69,"column":3}},"loc":{"start":{"line":69,"column":11},"end":{"line":135,"column":3}},"line":69},"8":{"name":"(anonymous_8)","decl":{"start":{"line":97,"column":21},"end":{"line":97,"column":22}},"loc":{"start":{"line":97,"column":30},"end":{"line":97,"column":49}},"line":97},"9":{"name":"(anonymous_9)","decl":{"start":{"line":119,"column":25},"end":{"line":119,"column":26}},"loc":{"start":{"line":119,"column":29},"end":{"line":119,"column":91}},"line":119},"10":{"name":"(anonymous_10)","decl":{"start":{"line":165,"column":25},"end":{"line":165,"column":26}},"loc":{"start":{"line":166,"column":4},"end":{"line":166,"column":68}},"line":166}},"branchMap":{"0":{"loc":{"start":{"line":49,"column":4},"end":{"line":51,"column":5}},"type":"if","locations":[{"start":{"line":49,"column":4},"end":{"line":51,"column":5}},{"start":{"line":49,"column":4},"end":{"line":51,"column":5}}],"line":49},"1":{"loc":{"start":{"line":57,"column":4},"end":{"line":59,"column":5}},"type":"if","locations":[{"start":{"line":57,"column":4},"end":{"line":59,"column":5}},{"start":{"line":57,"column":4},"end":{"line":59,"column":5}}],"line":57},"2":{"loc":{"start":{"line":63,"column":4},"end":{"line":65,"column":5}},"type":"if","locations":[{"start":{"line":63,"column":4},"end":{"line":65,"column":5}},{"start":{"line":63,"column":4},"end":{"line":65,"column":5}}],"line":63},"3":{"loc":{"start":{"line":73,"column":13},"end":{"line":85,"column":13}},"type":"binary-expr","locations":[{"start":{"line":73,"column":13},"end":{"line":73,"column":29}},{"start":{"line":74,"column":12},"end":{"line":84,"column":24}}],"line":73},"4":{"loc":{"start":{"line":76,"column":15},"end":{"line":82,"column":15}},"type":"cond-expr","locations":[{"start":{"line":77,"column":16},"end":{"line":79,"column":19}},{"start":{"line":81,"column":16},"end":{"line":81,"column":105}}],"line":76},"5":{"loc":{"start":{"line":94,"column":60},"end":{"line":94,"column":103}},"type":"binary-expr","locations":[{"start":{"line":94,"column":60},"end":{"line":94,"column":78}},{"start":{"line":94,"column":82},"end":{"line":94,"column":103}}],"line":94},"6":{"loc":{"start":{"line":98,"column":30},"end":{"line":98,"column":76}},"type":"binary-expr","locations":[{"start":{"line":98,"column":30},"end":{"line":98,"column":51}},{"start":{"line":98,"column":55},"end":{"line":98,"column":76}}],"line":98},"7":{"loc":{"start":{"line":99,"column":38},"end":{"line":99,"column":92}},"type":"cond-expr","locations":[{"start":{"line":99,"column":57},"end":{"line":99,"column":71}},{"start":{"line":99,"column":72},"end":{"line":99,"column":92}}],"line":99},"8":{"loc":{"start":{"line":106,"column":15},"end":{"line":114,"column":15}},"type":"cond-expr","locations":[{"start":{"line":107,"column":16},"end":{"line":111,"column":19}},{"start":{"line":113,"column":16},"end":{"line":113,"column":20}}],"line":106},"9":{"loc":{"start":{"line":109,"column":37},"end":{"line":109,"column":77}},"type":"binary-expr","locations":[{"start":{"line":109,"column":37},"end":{"line":109,"column":58}},{"start":{"line":109,"column":62},"end":{"line":109,"column":77}}],"line":109},"10":{"loc":{"start":{"line":117,"column":15},"end":{"line":128,"column":15}},"type":"cond-expr","locations":[{"start":{"line":118,"column":14},"end":{"line":125,"column":33}},{"start":{"line":127,"column":16},"end":{"line":127,"column":20}}],"line":117},"11":{"loc":{"start":{"line":122,"column":59},"end":{"line":122,"column":103}},"type":"cond-expr","locations":[{"start":{"line":122,"column":86},"end":{"line":122,"column":91}},{"start":{"line":122,"column":92},"end":{"line":122,"column":103}}],"line":122}},"s":{"0":2,"1":2,"2":2,"3":2,"4":1,"5":1,"6":1,"7":0,"8":1,"9":0,"10":1,"11":0,"12":1,"13":0,"14":0,"15":1,"16":0,"17":0,"18":1,"19":0,"20":0,"21":0,"22":1,"23":1,"24":0,"25":2,"26":2,"27":2,"28":0,"29":2},"f":{"0":1,"1":0,"2":0,"3":0,"4":0,"5":0,"6":0,"7":1,"8":1,"9":0,"10":0},"b":{"0":[0,0],"1":[0,0],"2":[0,0],"3":[1,0],"4":[0,0],"5":[1,0],"6":[1,1],"7":[0,1],"8":[0,1],"9":[0,0],"10":[0,1],"11":[0,0]},"_coverageSchema":"1a1c01bbd47fc00a2c39e90264f33305004495a9","hash":"26d72bda9853d88a11c576461bc63446c1e8613f"}
,"/Users/jai/Code/solid-state-group/ssg-frontend-boilerplate/mobile/app/components/base/grid/Column.tsx": {"path":"/Users/jai/Code/solid-state-group/ssg-frontend-boilerplate/mobile/app/components/base/grid/Column.tsx","statementMap":{"0":{"start":{"line":11,"column":39},"end":{"line":13,"column":1}},"1":{"start":{"line":12,"column":2},"end":{"line":12,"column":56}}},"fnMap":{"0":{"name":"(anonymous_0)","decl":{"start":{"line":11,"column":39},"end":{"line":11,"column":40}},"loc":{"start":{"line":12,"column":2},"end":{"line":12,"column":56}},"line":12}},"branchMap":{},"s":{"0":2,"1":2},"f":{"0":2},"b":{},"_coverageSchema":"1a1c01bbd47fc00a2c39e90264f33305004495a9","hash":"36a372fe59ee01fc9b6064117108a00e8e08c175"}
,"/Users/jai/Code/solid-state-group/ssg-frontend-boilerplate/mobile/app/components/base/grid/Container.tsx": {"path":"/Users/jai/Code/solid-state-group/ssg-frontend-boilerplate/mobile/app/components/base/grid/Container.tsx","statementMap":{"0":{"start":{"line":19,"column":35},"end":{"line":50,"column":1}},"1":{"start":{"line":33,"column":2},"end":{"line":49,"column":9}}},"fnMap":{"0":{"name":"(anonymous_0)","decl":{"start":{"line":19,"column":35},"end":{"line":19,"column":36}},"loc":{"start":{"line":33,"column":2},"end":{"line":49,"column":9}},"line":33}},"branchMap":{"0":{"loc":{"start":{"line":22,"column":2},"end":{"line":22,"column":13}},"type":"default-arg","locations":[{"start":{"line":22,"column":9},"end":{"line":22,"column":13}}],"line":22},"1":{"loc":{"start":{"line":27,"column":2},"end":{"line":27,"column":13}},"type":"default-arg","locations":[{"start":{"line":27,"column":9},"end":{"line":27,"column":13}}],"line":27},"2":{"loc":{"start":{"line":35,"column":6},"end":{"line":35,"column":25}},"type":"binary-expr","locations":[{"start":{"line":35,"column":6},"end":{"line":35,"column":10}},{"start":{"line":35,"column":14},"end":{"line":35,"column":25}}],"line":35},"3":{"loc":{"start":{"line":36,"column":6},"end":{"line":36,"column":25}},"type":"binary-expr","locations":[{"start":{"line":36,"column":6},"end":{"line":36,"column":10}},{"start":{"line":36,"column":14},"end":{"line":36,"column":25}}],"line":36},"4":{"loc":{"start":{"line":37,"column":6},"end":{"line":37,"column":23}},"type":"binary-expr","locations":[{"start":{"line":37,"column":6},"end":{"line":37,"column":9}},{"start":{"line":37,"column":13},"end":{"line":37,"column":23}}],"line":37},"5":{"loc":{"start":{"line":38,"column":6},"end":{"line":38,"column":23}},"type":"binary-expr","locations":[{"start":{"line":38,"column":6},"end":{"line":38,"column":9}},{"start":{"line":38,"column":13},"end":{"line":38,"column":23}}],"line":38},"6":{"loc":{"start":{"line":39,"column":6},"end":{"line":39,"column":25}},"type":"binary-expr","locations":[{"start":{"line":39,"column":6},"end":{"line":39,"column":10}},{"start":{"line":39,"column":14},"end":{"line":39,"column":25}}],"line":39},"7":{"loc":{"start":{"line":40,"column":6},"end":{"line":40,"column":25}},"type":"binary-expr","locations":[{"start":{"line":40,"column":6},"end":{"line":40,"column":10}},{"start":{"line":40,"column":14},"end":{"line":40,"column":25}}],"line":40},"8":{"loc":{"start":{"line":41,"column":6},"end":{"line":41,"column":23}},"type":"binary-expr","locations":[{"start":{"line":41,"column":6},"end":{"line":41,"column":9}},{"start":{"line":41,"column":13},"end":{"line":41,"column":23}}],"line":41},"9":{"loc":{"start":{"line":42,"column":6},"end":{"line":42,"column":23}},"type":"binary-expr","locations":[{"start":{"line":42,"column":6},"end":{"line":42,"column":9}},{"start":{"line":42,"column":13},"end":{"line":42,"column":23}}],"line":42},"10":{"loc":{"start":{"line":43,"column":6},"end":{"line":43,"column":25}},"type":"binary-expr","locations":[{"start":{"line":43,"column":6},"end":{"line":43,"column":10}},{"start":{"line":43,"column":14},"end":{"line":43,"column":25}}],"line":43},"11":{"loc":{"start":{"line":44,"column":6},"end":{"line":44,"column":25}},"type":"binary-expr","locations":[{"start":{"line":44,"column":6},"end":{"line":44,"column":10}},{"start":{"line":44,"column":14},"end":{"line":44,"column":25}}],"line":44}},"s":{"0":1,"1":1},"f":{"0":1},"b":{"0":[1],"1":[1],"2":[1,1],"3":[1,1],"4":[1,0],"5":[1,0],"6":[1,0],"7":[1,0],"8":[1,0],"9":[1,0],"10":[1,0],"11":[1,0]},"_coverageSchema":"1a1c01bbd47fc00a2c39e90264f33305004495a9","hash":"de36a77414aec614e82f4900266ce5d1084e331a"}
,"/Users/jai/Code/solid-state-group/ssg-frontend-boilerplate/mobile/app/components/base/grid/Flex.tsx": {"path":"/Users/jai/Code/solid-state-group/ssg-frontend-boilerplate/mobile/app/components/base/grid/Flex.tsx","statementMap":{"0":{"start":{"line":14,"column":30},"end":{"line":35,"column":1}},"1":{"start":{"line":23,"column":2},"end":{"line":34,"column":9}}},"fnMap":{"0":{"name":"(anonymous_0)","decl":{"start":{"line":14,"column":30},"end":{"line":14,"column":31}},"loc":{"start":{"line":23,"column":2},"end":{"line":34,"column":9}},"line":23}},"branchMap":{"0":{"loc":{"start":{"line":15,"column":2},"end":{"line":15,"column":11}},"type":"default-arg","locations":[{"start":{"line":15,"column":10},"end":{"line":15,"column":11}}],"line":15},"1":{"loc":{"start":{"line":29,"column":6},"end":{"line":29,"column":50}},"type":"binary-expr","locations":[{"start":{"line":29,"column":6},"end":{"line":29,"column":11}},{"start":{"line":29,"column":15},"end":{"line":29,"column":50}}],"line":29}},"s":{"0":2,"1":2},"f":{"0":2},"b":{"0":[2],"1":[2,0]},"_coverageSchema":"1a1c01bbd47fc00a2c39e90264f33305004495a9","hash":"e420463ea71288f2fe94144e640e27ed5945a362"}
,"/Users/jai/Code/solid-state-group/ssg-frontend-boilerplate/mobile/app/components/base/grid/FormGroup.tsx": {"path":"/Users/jai/Code/solid-state-group/ssg-frontend-boilerplate/mobile/app/components/base/grid/FormGroup.tsx","statementMap":{"0":{"start":{"line":10,"column":35},"end":{"line":12,"column":1}},"1":{"start":{"line":11,"column":2},"end":{"line":11,"column":53}},"2":{"start":{"line":14,"column":0},"end":{"line":14,"column":36}}},"fnMap":{"0":{"name":"(anonymous_0)","decl":{"start":{"line":10,"column":35},"end":{"line":10,"column":36}},"loc":{"start":{"line":11,"column":2},"end":{"line":11,"column":53}},"line":11}},"branchMap":{},"s":{"0":2,"1":2,"2":2},"f":{"0":2},"b":{},"_coverageSchema":"1a1c01bbd47fc00a2c39e90264f33305004495a9","hash":"818b4ab81df28a07188ea7d4ecc061ee61203f8a"}
,"/Users/jai/Code/solid-state-group/ssg-frontend-boilerplate/mobile/app/components/base/grid/Row.tsx": {"path":"/Users/jai/Code/solid-state-group/ssg-frontend-boilerplate/mobile/app/components/base/grid/Row.tsx","statementMap":{"0":{"start":{"line":12,"column":29},"end":{"line":19,"column":1}},"1":{"start":{"line":13,"column":2},"end":{"line":18,"column":9}},"2":{"start":{"line":21,"column":15},"end":{"line":27,"column":2}}},"fnMap":{"0":{"name":"(anonymous_0)","decl":{"start":{"line":12,"column":29},"end":{"line":12,"column":30}},"loc":{"start":{"line":13,"column":2},"end":{"line":18,"column":9}},"line":13}},"branchMap":{"0":{"loc":{"start":{"line":15,"column":24},"end":{"line":15,"column":68}},"type":"binary-expr","locations":[{"start":{"line":15,"column":24},"end":{"line":15,"column":29}},{"start":{"line":15,"column":33},"end":{"line":15,"column":68}}],"line":15}},"s":{"0":2,"1":2,"2":2},"f":{"0":2},"b":{"0":[2,0]},"_coverageSchema":"1a1c01bbd47fc00a2c39e90264f33305004495a9","hash":"8bf8ab571129403a92efa775cf96e2cd4e39bc1d"}
,"/Users/jai/Code/solid-state-group/ssg-frontend-boilerplate/mobile/app/components/base/type/H1.tsx": {"path":"/Users/jai/Code/solid-state-group/ssg-frontend-boilerplate/mobile/app/components/base/type/H1.tsx","statementMap":{"0":{"start":{"line":12,"column":28},"end":{"line":25,"column":1}},"1":{"start":{"line":18,"column":2},"end":{"line":24,"column":9}}},"fnMap":{"0":{"name":"(anonymous_0)","decl":{"start":{"line":12,"column":28},"end":{"line":12,"column":29}},"loc":{"start":{"line":18,"column":2},"end":{"line":24,"column":9}},"line":18}},"branchMap":{},"s":{"0":1,"1":1},"f":{"0":1},"b":{},"_coverageSchema":"1a1c01bbd47fc00a2c39e90264f33305004495a9","hash":"8a3978e70a2151f70482dc9718580dd1bab9140d"}
,"/Users/jai/Code/solid-state-group/ssg-frontend-boilerplate/mobile/app/components/base/type/H2.tsx": {"path":"/Users/jai/Code/solid-state-group/ssg-frontend-boilerplate/mobile/app/components/base/type/H2.tsx","statementMap":{"0":{"start":{"line":12,"column":28},"end":{"line":25,"column":1}},"1":{"start":{"line":18,"column":2},"end":{"line":24,"column":9}}},"fnMap":{"0":{"name":"(anonymous_0)","decl":{"start":{"line":12,"column":28},"end":{"line":12,"column":29}},"loc":{"start":{"line":18,"column":2},"end":{"line":24,"column":9}},"line":18}},"branchMap":{},"s":{"0":1,"1":1},"f":{"0":1},"b":{},"_coverageSchema":"1a1c01bbd47fc00a2c39e90264f33305004495a9","hash":"e337e8dc27d30e93976eee27d3df242d683f7c2f"}
,"/Users/jai/Code/solid-state-group/ssg-frontend-boilerplate/mobile/app/components/base/type/H3.tsx": {"path":"/Users/jai/Code/solid-state-group/ssg-frontend-boilerplate/mobile/app/components/base/type/H3.tsx","statementMap":{"0":{"start":{"line":12,"column":28},"end":{"line":25,"column":1}},"1":{"start":{"line":18,"column":2},"end":{"line":24,"column":9}}},"fnMap":{"0":{"name":"(anonymous_0)","decl":{"start":{"line":12,"column":28},"end":{"line":12,"column":29}},"loc":{"start":{"line":18,"column":2},"end":{"line":24,"column":9}},"line":18}},"branchMap":{},"s":{"0":1,"1":1},"f":{"0":1},"b":{},"_coverageSchema":"1a1c01bbd47fc00a2c39e90264f33305004495a9","hash":"3e4e40fb9f0a87381b7751856364298b1aec5b89"}
,"/Users/jai/Code/solid-state-group/ssg-frontend-boilerplate/mobile/app/components/base/type/H4.tsx": {"path":"/Users/jai/Code/solid-state-group/ssg-frontend-boilerplate/mobile/app/components/base/type/H4.tsx","statementMap":{"0":{"start":{"line":14,"column":28},"end":{"line":31,"column":1}},"1":{"start":{"line":22,"column":2},"end":{"line":30,"column":9}}},"fnMap":{"0":{"name":"(anonymous_0)","decl":{"start":{"line":14,"column":28},"end":{"line":14,"column":29}},"loc":{"start":{"line":22,"column":2},"end":{"line":30,"column":9}},"line":22}},"branchMap":{},"s":{"0":1,"1":1},"f":{"0":1},"b":{},"_coverageSchema":"1a1c01bbd47fc00a2c39e90264f33305004495a9","hash":"c6eedc9f2a8264d7be35f140e355e327c84c7729"}
,"/Users/jai/Code/solid-state-group/ssg-frontend-boilerplate/mobile/app/style/_style_screen.ts": {"path":"/Users/jai/Code/solid-state-group/ssg-frontend-boilerplate/mobile/app/style/_style_screen.ts","statementMap":{"0":{"start":{"line":14,"column":27},"end":{"line":22,"column":1}},"1":{"start":{"line":24,"column":15},"end":{"line":24,"column":44}},"2":{"start":{"line":26,"column":0},"end":{"line":26,"column":23}}},"fnMap":{},"branchMap":{},"s":{"0":20,"1":20,"2":20},"f":{},"b":{},"_coverageSchema":"1a1c01bbd47fc00a2c39e90264f33305004495a9","hash":"51442bf01a5798ea62d386764fd4459803337309"}
,"/Users/jai/Code/solid-state-group/ssg-frontend-boilerplate/mobile/app/style/style_base.ts": {"path":"/Users/jai/Code/solid-state-group/ssg-frontend-boilerplate/mobile/app/style/style_base.ts","statementMap":{},"fnMap":{},"branchMap":{},"s":{},"f":{},"b":{},"_coverageSchema":"1a1c01bbd47fc00a2c39e90264f33305004495a9","hash":"3d93a17dabcb70953825adfa05937f7906c1eed1"}
,"/Users/jai/Code/solid-state-group/ssg-frontend-boilerplate/mobile/app/style/style_buttons.ts": {"path":"/Users/jai/Code/solid-state-group/ssg-frontend-boilerplate/mobile/app/style/style_buttons.ts","statementMap":{},"fnMap":{},"branchMap":{},"s":{},"f":{},"b":{},"_coverageSchema":"1a1c01bbd47fc00a2c39e90264f33305004495a9","hash":"d04883e994255f17eda16310d185b58295e8a23e"}
,"/Users/jai/Code/solid-state-group/ssg-frontend-boilerplate/mobile/app/style/style_forms.ts": {"path":"/Users/jai/Code/solid-state-group/ssg-frontend-boilerplate/mobile/app/style/style_forms.ts","statementMap":{},"fnMap":{},"branchMap":{},"s":{},"f":{},"b":{},"_coverageSchema":"1a1c01bbd47fc00a2c39e90264f33305004495a9","hash":"2cbca5011f5855e2da093481caeae337f4f84f34"}
,"/Users/jai/Code/solid-state-group/ssg-frontend-boilerplate/mobile/app/style/style_grid.ts": {"path":"/Users/jai/Code/solid-state-group/ssg-frontend-boilerplate/mobile/app/style/style_grid.ts","statementMap":{"0":{"start":{"line":3,"column":27},"end":{"line":3,"column":28}}},"fnMap":{},"branchMap":{},"s":{"0":20},"f":{},"b":{},"_coverageSchema":"1a1c01bbd47fc00a2c39e90264f33305004495a9","hash":"5c10a14ca2a0e0a8ac5512497dceb621547e0969"}
,"/Users/jai/Code/solid-state-group/ssg-frontend-boilerplate/mobile/app/style/style_lists.ts": {"path":"/Users/jai/Code/solid-state-group/ssg-frontend-boilerplate/mobile/app/style/style_lists.ts","statementMap":{},"fnMap":{},"branchMap":{},"s":{},"f":{},"b":{},"_coverageSchema":"1a1c01bbd47fc00a2c39e90264f33305004495a9","hash":"b0bced4ca806ddfe1769765a7fc05a9a7c4610e4"}
,"/Users/jai/Code/solid-state-group/ssg-frontend-boilerplate/mobile/app/style/style_type.ts": {"path":"/Users/jai/Code/solid-state-group/ssg-frontend-boilerplate/mobile/app/style/style_type.ts","statementMap":{},"fnMap":{},"branchMap":{},"s":{},"f":{},"b":{},"_coverageSchema":"1a1c01bbd47fc00a2c39e90264f33305004495a9","hash":"a304c0da06e16b0509485f13719ecc2d6c52533a"}
,"/Users/jai/Code/solid-state-group/ssg-frontend-boilerplate/mobile/app/style/style_variables.ts": {"path":"/Users/jai/Code/solid-state-group/ssg-frontend-boilerplate/mobile/app/style/style_variables.ts","statementMap":{"0":{"start":{"line":1,"column":0},"end":{"line":1,"column":38}},"1":{"start":{"line":4,"column":16},"end":{"line":4,"column":47}},"2":{"start":{"line":5,"column":16},"end":{"line":5,"column":47}},"3":{"start":{"line":6,"column":22},"end":{"line":6,"column":39}},"4":{"start":{"line":8,"column":30},"end":{"line":17,"column":1}},"5":{"start":{"line":20,"column":15},"end":{"line":31,"column":1}},"6":{"start":{"line":33,"column":29},"end":{"line":68,"column":1}},"7":{"start":{"line":70,"column":0},"end":{"line":70,"column":32}},"8":{"start":{"line":71,"column":0},"end":{"line":71,"column":38}}},"fnMap":{},"branchMap":{"0":{"loc":{"start":{"line":21,"column":5},"end":{"line":21,"column":37}},"type":"binary-expr","locations":[{"start":{"line":21,"column":5},"end":{"line":21,"column":33}},{"start":{"line":21,"column":35},"end":{"line":21,"column":37}}],"line":21},"1":{"loc":{"start":{"line":35,"column":26},"end":{"line":35,"column":44}},"type":"binary-expr","locations":[{"start":{"line":35,"column":26},"end":{"line":35,"column":39}},{"start":{"line":35,"column":43},"end":{"line":35,"column":44}}],"line":35}},"s":{"0":20,"1":20,"2":20,"3":20,"4":20,"5":20,"6":20,"7":20,"8":20},"f":{},"b":{"0":[20,20],"1":[20,20]},"_coverageSchema":"1a1c01bbd47fc00a2c39e90264f33305004495a9","hash":"90cd0e8122a485bed8f0bfe6558895f5d84b4cd9"}
,"/Users/jai/Code/solid-state-group/ssg-frontend-boilerplate/mobile/app/style/style-utils/asStyle.ts": {"path":"/Users/jai/Code/solid-state-group/ssg-frontend-boilerplate/mobile/app/style/style-utils/asStyle.ts","statementMap":{"0":{"start":{"line":3,"column":2},"end":{"line":3,"column":13}}},"fnMap":{"0":{"name":"asStyle","decl":{"start":{"line":2,"column":24},"end":{"line":2,"column":31}},"loc":{"start":{"line":2,"column":140},"end":{"line":4,"column":1}},"line":2}},"branchMap":{},"s":{"0":120},"f":{"0":120},"b":{},"_coverageSchema":"1a1c01bbd47fc00a2c39e90264f33305004495a9","hash":"ad2fa9afd9cd450c249383ca4f37e7ce4ca407a0"}
,"/Users/jai/Code/solid-state-group/ssg-frontend-boilerplate/mobile/app/style/style-utils/style_pxToEm.ts": {"path":"/Users/jai/Code/solid-state-group/ssg-frontend-boilerplate/mobile/app/style/style-utils/style_pxToEm.ts","statementMap":{"0":{"start":{"line":3,"column":10},"end":{"line":3,"column":40}},"1":{"start":{"line":6,"column":15},"end":{"line":6,"column":53}},"2":{"start":{"line":9,"column":17},"end":{"line":9,"column":19}},"3":{"start":{"line":11,"column":13},"end":{"line":11,"column":30}},"4":{"start":{"line":14,"column":12},"end":{"line":16,"column":1}},"5":{"start":{"line":15,"column":2},"end":{"line":15,"column":22}},"6":{"start":{"line":17,"column":0},"end":{"line":17,"column":20}},"7":{"start":{"line":19,"column":0},"end":{"line":19,"column":15}}},"fnMap":{"0":{"name":"(anonymous_0)","decl":{"start":{"line":14,"column":12},"end":{"line":14,"column":13}},"loc":{"start":{"line":14,"column":23},"end":{"line":16,"column":1}},"line":14}},"branchMap":{"0":{"loc":{"start":{"line":6,"column":15},"end":{"line":6,"column":53}},"type":"cond-expr","locations":[{"start":{"line":6,"column":26},"end":{"line":6,"column":48}},{"start":{"line":6,"column":52},"end":{"line":6,"column":53}}],"line":6},"1":{"loc":{"start":{"line":6,"column":26},"end":{"line":6,"column":48}},"type":"cond-expr","locations":[{"start":{"line":6,"column":36},"end":{"line":6,"column":40}},{"start":{"line":6,"column":43},"end":{"line":6,"column":48}}],"line":6}},"s":{"0":20,"1":20,"2":20,"3":20,"4":20,"5":160,"6":20,"7":20},"f":{"0":160},"b":{"0":[0,20],"1":[0,0]},"_coverageSchema":"1a1c01bbd47fc00a2c39e90264f33305004495a9","hash":"594d9a542c1de6fd1078680e99ba68c8af8cfc4f"}
}
