{"/Users/jai/Code/solid-state-group/ssg-frontend-boilerplate/mobile/app/components/base/grid/Container.tsx": {"path":"/Users/jai/Code/solid-state-group/ssg-frontend-boilerplate/mobile/app/components/base/grid/Container.tsx","statementMap":{"0":{"start":{"line":19,"column":35},"end":{"line":50,"column":1}},"1":{"start":{"line":33,"column":2},"end":{"line":49,"column":9}}},"fnMap":{"0":{"name":"(anonymous_0)","decl":{"start":{"line":19,"column":35},"end":{"line":19,"column":36}},"loc":{"start":{"line":33,"column":2},"end":{"line":49,"column":9}},"line":33}},"branchMap":{"0":{"loc":{"start":{"line":22,"column":2},"end":{"line":22,"column":13}},"type":"default-arg","locations":[{"start":{"line":22,"column":9},"end":{"line":22,"column":13}}],"line":22},"1":{"loc":{"start":{"line":27,"column":2},"end":{"line":27,"column":13}},"type":"default-arg","locations":[{"start":{"line":27,"column":9},"end":{"line":27,"column":13}}],"line":27},"2":{"loc":{"start":{"line":35,"column":6},"end":{"line":35,"column":25}},"type":"binary-expr","locations":[{"start":{"line":35,"column":6},"end":{"line":35,"column":10}},{"start":{"line":35,"column":14},"end":{"line":35,"column":25}}],"line":35},"3":{"loc":{"start":{"line":36,"column":6},"end":{"line":36,"column":25}},"type":"binary-expr","locations":[{"start":{"line":36,"column":6},"end":{"line":36,"column":10}},{"start":{"line":36,"column":14},"end":{"line":36,"column":25}}],"line":36},"4":{"loc":{"start":{"line":37,"column":6},"end":{"line":37,"column":23}},"type":"binary-expr","locations":[{"start":{"line":37,"column":6},"end":{"line":37,"column":9}},{"start":{"line":37,"column":13},"end":{"line":37,"column":23}}],"line":37},"5":{"loc":{"start":{"line":38,"column":6},"end":{"line":38,"column":23}},"type":"binary-expr","locations":[{"start":{"line":38,"column":6},"end":{"line":38,"column":9}},{"start":{"line":38,"column":13},"end":{"line":38,"column":23}}],"line":38},"6":{"loc":{"start":{"line":39,"column":6},"end":{"line":39,"column":25}},"type":"binary-expr","locations":[{"start":{"line":39,"column":6},"end":{"line":39,"column":10}},{"start":{"line":39,"column":14},"end":{"line":39,"column":25}}],"line":39},"7":{"loc":{"start":{"line":40,"column":6},"end":{"line":40,"column":25}},"type":"binary-expr","locations":[{"start":{"line":40,"column":6},"end":{"line":40,"column":10}},{"start":{"line":40,"column":14},"end":{"line":40,"column":25}}],"line":40},"8":{"loc":{"start":{"line":41,"column":6},"end":{"line":41,"column":23}},"type":"binary-expr","locations":[{"start":{"line":41,"column":6},"end":{"line":41,"column":9}},{"start":{"line":41,"column":13},"end":{"line":41,"column":23}}],"line":41},"9":{"loc":{"start":{"line":42,"column":6},"end":{"line":42,"column":23}},"type":"binary-expr","locations":[{"start":{"line":42,"column":6},"end":{"line":42,"column":9}},{"start":{"line":42,"column":13},"end":{"line":42,"column":23}}],"line":42},"10":{"loc":{"start":{"line":43,"column":6},"end":{"line":43,"column":25}},"type":"binary-expr","locations":[{"start":{"line":43,"column":6},"end":{"line":43,"column":10}},{"start":{"line":43,"column":14},"end":{"line":43,"column":25}}],"line":43},"11":{"loc":{"start":{"line":44,"column":6},"end":{"line":44,"column":25}},"type":"binary-expr","locations":[{"start":{"line":44,"column":6},"end":{"line":44,"column":10}},{"start":{"line":44,"column":14},"end":{"line":44,"column":25}}],"line":44}},"s":{"0":1,"1":1},"f":{"0":1},"b":{"0":[1],"1":[1],"2":[1,1],"3":[1,1],"4":[1,0],"5":[1,0],"6":[1,0],"7":[1,0],"8":[1,0],"9":[1,0],"10":[1,0],"11":[1,0]},"_coverageSchema":"1a1c01bbd47fc00a2c39e90264f33305004495a9","hash":"de36a77414aec614e82f4900266ce5d1084e331a"}
,"/Users/jai/Code/solid-state-group/ssg-frontend-boilerplate/mobile/app/components/base/grid/Flex.tsx": {"path":"/Users/jai/Code/solid-state-group/ssg-frontend-boilerplate/mobile/app/components/base/grid/Flex.tsx","statementMap":{"0":{"start":{"line":14,"column":30},"end":{"line":35,"column":1}},"1":{"start":{"line":23,"column":2},"end":{"line":34,"column":9}}},"fnMap":{"0":{"name":"(anonymous_0)","decl":{"start":{"line":14,"column":30},"end":{"line":14,"column":31}},"loc":{"start":{"line":23,"column":2},"end":{"line":34,"column":9}},"line":23}},"branchMap":{"0":{"loc":{"start":{"line":15,"column":2},"end":{"line":15,"column":11}},"type":"default-arg","locations":[{"start":{"line":15,"column":10},"end":{"line":15,"column":11}}],"line":15},"1":{"loc":{"start":{"line":29,"column":6},"end":{"line":29,"column":50}},"type":"binary-expr","locations":[{"start":{"line":29,"column":6},"end":{"line":29,"column":11}},{"start":{"line":29,"column":15},"end":{"line":29,"column":50}}],"line":29}},"s":{"0":1,"1":1},"f":{"0":1},"b":{"0":[1],"1":[1,0]},"_coverageSchema":"1a1c01bbd47fc00a2c39e90264f33305004495a9","hash":"e420463ea71288f2fe94144e640e27ed5945a362"}
,"/Users/jai/Code/solid-state-group/ssg-frontend-boilerplate/mobile/app/components/base/grid/FormGroup.tsx": {"path":"/Users/jai/Code/solid-state-group/ssg-frontend-boilerplate/mobile/app/components/base/grid/FormGroup.tsx","statementMap":{"0":{"start":{"line":10,"column":35},"end":{"line":12,"column":1}},"1":{"start":{"line":11,"column":2},"end":{"line":11,"column":53}},"2":{"start":{"line":14,"column":0},"end":{"line":14,"column":36}}},"fnMap":{"0":{"name":"(anonymous_0)","decl":{"start":{"line":10,"column":35},"end":{"line":10,"column":36}},"loc":{"start":{"line":11,"column":2},"end":{"line":11,"column":53}},"line":11}},"branchMap":{},"s":{"0":1,"1":1,"2":1},"f":{"0":1},"b":{},"_coverageSchema":"1a1c01bbd47fc00a2c39e90264f33305004495a9","hash":"818b4ab81df28a07188ea7d4ecc061ee61203f8a"}
,"/Users/jai/Code/solid-state-group/ssg-frontend-boilerplate/mobile/app/components/base/grid/Row.tsx": {"path":"/Users/jai/Code/solid-state-group/ssg-frontend-boilerplate/mobile/app/components/base/grid/Row.tsx","statementMap":{"0":{"start":{"line":12,"column":29},"end":{"line":19,"column":1}},"1":{"start":{"line":13,"column":2},"end":{"line":18,"column":9}},"2":{"start":{"line":21,"column":15},"end":{"line":27,"column":2}}},"fnMap":{"0":{"name":"(anonymous_0)","decl":{"start":{"line":12,"column":29},"end":{"line":12,"column":30}},"loc":{"start":{"line":13,"column":2},"end":{"line":18,"column":9}},"line":13}},"branchMap":{"0":{"loc":{"start":{"line":15,"column":24},"end":{"line":15,"column":68}},"type":"binary-expr","locations":[{"start":{"line":15,"column":24},"end":{"line":15,"column":29}},{"start":{"line":15,"column":33},"end":{"line":15,"column":68}}],"line":15}},"s":{"0":1,"1":1,"2":1},"f":{"0":1},"b":{"0":[1,0]},"_coverageSchema":"1a1c01bbd47fc00a2c39e90264f33305004495a9","hash":"8bf8ab571129403a92efa775cf96e2cd4e39bc1d"}
,"/Users/jai/Code/solid-state-group/ssg-frontend-boilerplate/mobile/app/components/base/type/H1.tsx": {"path":"/Users/jai/Code/solid-state-group/ssg-frontend-boilerplate/mobile/app/components/base/type/H1.tsx","statementMap":{"0":{"start":{"line":12,"column":28},"end":{"line":25,"column":1}},"1":{"start":{"line":18,"column":2},"end":{"line":24,"column":9}}},"fnMap":{"0":{"name":"(anonymous_0)","decl":{"start":{"line":12,"column":28},"end":{"line":12,"column":29}},"loc":{"start":{"line":18,"column":2},"end":{"line":24,"column":9}},"line":18}},"branchMap":{},"s":{"0":1,"1":1},"f":{"0":1},"b":{},"_coverageSchema":"1a1c01bbd47fc00a2c39e90264f33305004495a9","hash":"8a3978e70a2151f70482dc9718580dd1bab9140d"}
,"/Users/jai/Code/solid-state-group/ssg-frontend-boilerplate/mobile/app/components/base/type/H2.tsx": {"path":"/Users/jai/Code/solid-state-group/ssg-frontend-boilerplate/mobile/app/components/base/type/H2.tsx","statementMap":{"0":{"start":{"line":12,"column":28},"end":{"line":25,"column":1}},"1":{"start":{"line":18,"column":2},"end":{"line":24,"column":9}}},"fnMap":{"0":{"name":"(anonymous_0)","decl":{"start":{"line":12,"column":28},"end":{"line":12,"column":29}},"loc":{"start":{"line":18,"column":2},"end":{"line":24,"column":9}},"line":18}},"branchMap":{},"s":{"0":1,"1":1},"f":{"0":1},"b":{},"_coverageSchema":"1a1c01bbd47fc00a2c39e90264f33305004495a9","hash":"e337e8dc27d30e93976eee27d3df242d683f7c2f"}
,"/Users/jai/Code/solid-state-group/ssg-frontend-boilerplate/mobile/app/components/base/type/H3.tsx": {"path":"/Users/jai/Code/solid-state-group/ssg-frontend-boilerplate/mobile/app/components/base/type/H3.tsx","statementMap":{"0":{"start":{"line":12,"column":28},"end":{"line":25,"column":1}},"1":{"start":{"line":18,"column":2},"end":{"line":24,"column":9}}},"fnMap":{"0":{"name":"(anonymous_0)","decl":{"start":{"line":12,"column":28},"end":{"line":12,"column":29}},"loc":{"start":{"line":18,"column":2},"end":{"line":24,"column":9}},"line":18}},"branchMap":{},"s":{"0":1,"1":1},"f":{"0":1},"b":{},"_coverageSchema":"1a1c01bbd47fc00a2c39e90264f33305004495a9","hash":"3e4e40fb9f0a87381b7751856364298b1aec5b89"}
,"/Users/jai/Code/solid-state-group/ssg-frontend-boilerplate/mobile/app/components/base/type/H4.tsx": {"path":"/Users/jai/Code/solid-state-group/ssg-frontend-boilerplate/mobile/app/components/base/type/H4.tsx","statementMap":{"0":{"start":{"line":14,"column":28},"end":{"line":31,"column":1}},"1":{"start":{"line":22,"column":2},"end":{"line":30,"column":9}}},"fnMap":{"0":{"name":"(anonymous_0)","decl":{"start":{"line":14,"column":28},"end":{"line":14,"column":29}},"loc":{"start":{"line":22,"column":2},"end":{"line":30,"column":9}},"line":22}},"branchMap":{},"s":{"0":1,"1":1},"f":{"0":1},"b":{},"_coverageSchema":"1a1c01bbd47fc00a2c39e90264f33305004495a9","hash":"c6eedc9f2a8264d7be35f140e355e327c84c7729"}
,"/Users/jai/Code/solid-state-group/ssg-frontend-boilerplate/mobile/app/style/_style_screen.ts": {"path":"/Users/jai/Code/solid-state-group/ssg-frontend-boilerplate/mobile/app/style/_style_screen.ts","statementMap":{"0":{"start":{"line":14,"column":27},"end":{"line":22,"column":1}},"1":{"start":{"line":24,"column":15},"end":{"line":24,"column":44}},"2":{"start":{"line":26,"column":0},"end":{"line":26,"column":23}}},"fnMap":{},"branchMap":{},"s":{"0":9,"1":9,"2":9},"f":{},"b":{},"_coverageSchema":"1a1c01bbd47fc00a2c39e90264f33305004495a9","hash":"51442bf01a5798ea62d386764fd4459803337309"}
,"/Users/jai/Code/solid-state-group/ssg-frontend-boilerplate/mobile/app/style/style_base.ts": {"path":"/Users/jai/Code/solid-state-group/ssg-frontend-boilerplate/mobile/app/style/style_base.ts","statementMap":{},"fnMap":{},"branchMap":{},"s":{},"f":{},"b":{},"_coverageSchema":"1a1c01bbd47fc00a2c39e90264f33305004495a9","hash":"3d93a17dabcb70953825adfa05937f7906c1eed1"}
,"/Users/jai/Code/solid-state-group/ssg-frontend-boilerplate/mobile/app/style/style_buttons.ts": {"path":"/Users/jai/Code/solid-state-group/ssg-frontend-boilerplate/mobile/app/style/style_buttons.ts","statementMap":{},"fnMap":{},"branchMap":{},"s":{},"f":{},"b":{},"_coverageSchema":"1a1c01bbd47fc00a2c39e90264f33305004495a9","hash":"d04883e994255f17eda16310d185b58295e8a23e"}
,"/Users/jai/Code/solid-state-group/ssg-frontend-boilerplate/mobile/app/style/style_forms.ts": {"path":"/Users/jai/Code/solid-state-group/ssg-frontend-boilerplate/mobile/app/style/style_forms.ts","statementMap":{},"fnMap":{},"branchMap":{},"s":{},"f":{},"b":{},"_coverageSchema":"1a1c01bbd47fc00a2c39e90264f33305004495a9","hash":"2cbca5011f5855e2da093481caeae337f4f84f34"}
,"/Users/jai/Code/solid-state-group/ssg-frontend-boilerplate/mobile/app/style/style_grid.ts": {"path":"/Users/jai/Code/solid-state-group/ssg-frontend-boilerplate/mobile/app/style/style_grid.ts","statementMap":{"0":{"start":{"line":3,"column":27},"end":{"line":3,"column":28}}},"fnMap":{},"branchMap":{},"s":{"0":9},"f":{},"b":{},"_coverageSchema":"1a1c01bbd47fc00a2c39e90264f33305004495a9","hash":"5c10a14ca2a0e0a8ac5512497dceb621547e0969"}
,"/Users/jai/Code/solid-state-group/ssg-frontend-boilerplate/mobile/app/style/style_lists.ts": {"path":"/Users/jai/Code/solid-state-group/ssg-frontend-boilerplate/mobile/app/style/style_lists.ts","statementMap":{},"fnMap":{},"branchMap":{},"s":{},"f":{},"b":{},"_coverageSchema":"1a1c01bbd47fc00a2c39e90264f33305004495a9","hash":"b0bced4ca806ddfe1769765a7fc05a9a7c4610e4"}
,"/Users/jai/Code/solid-state-group/ssg-frontend-boilerplate/mobile/app/style/style_type.ts": {"path":"/Users/jai/Code/solid-state-group/ssg-frontend-boilerplate/mobile/app/style/style_type.ts","statementMap":{},"fnMap":{},"branchMap":{},"s":{},"f":{},"b":{},"_coverageSchema":"1a1c01bbd47fc00a2c39e90264f33305004495a9","hash":"a304c0da06e16b0509485f13719ecc2d6c52533a"}
,"/Users/jai/Code/solid-state-group/ssg-frontend-boilerplate/mobile/app/style/style_variables.ts": {"path":"/Users/jai/Code/solid-state-group/ssg-frontend-boilerplate/mobile/app/style/style_variables.ts","statementMap":{"0":{"start":{"line":1,"column":0},"end":{"line":1,"column":38}},"1":{"start":{"line":4,"column":16},"end":{"line":4,"column":47}},"2":{"start":{"line":5,"column":16},"end":{"line":5,"column":47}},"3":{"start":{"line":6,"column":22},"end":{"line":6,"column":39}},"4":{"start":{"line":8,"column":30},"end":{"line":17,"column":1}},"5":{"start":{"line":20,"column":15},"end":{"line":31,"column":1}},"6":{"start":{"line":33,"column":29},"end":{"line":68,"column":1}},"7":{"start":{"line":70,"column":0},"end":{"line":70,"column":32}},"8":{"start":{"line":71,"column":0},"end":{"line":71,"column":38}}},"fnMap":{},"branchMap":{"0":{"loc":{"start":{"line":21,"column":5},"end":{"line":21,"column":37}},"type":"binary-expr","locations":[{"start":{"line":21,"column":5},"end":{"line":21,"column":33}},{"start":{"line":21,"column":35},"end":{"line":21,"column":37}}],"line":21},"1":{"loc":{"start":{"line":35,"column":26},"end":{"line":35,"column":44}},"type":"binary-expr","locations":[{"start":{"line":35,"column":26},"end":{"line":35,"column":39}},{"start":{"line":35,"column":43},"end":{"line":35,"column":44}}],"line":35}},"s":{"0":9,"1":9,"2":9,"3":9,"4":9,"5":9,"6":9,"7":9,"8":9},"f":{},"b":{"0":[9,9],"1":[9,9]},"_coverageSchema":"1a1c01bbd47fc00a2c39e90264f33305004495a9","hash":"90cd0e8122a485bed8f0bfe6558895f5d84b4cd9"}
,"/Users/jai/Code/solid-state-group/ssg-frontend-boilerplate/mobile/app/style/style-utils/asStyle.ts": {"path":"/Users/jai/Code/solid-state-group/ssg-frontend-boilerplate/mobile/app/style/style-utils/asStyle.ts","statementMap":{"0":{"start":{"line":3,"column":2},"end":{"line":3,"column":13}}},"fnMap":{"0":{"name":"asStyle","decl":{"start":{"line":2,"column":24},"end":{"line":2,"column":31}},"loc":{"start":{"line":2,"column":140},"end":{"line":4,"column":1}},"line":2}},"branchMap":{},"s":{"0":54},"f":{"0":54},"b":{},"_coverageSchema":"1a1c01bbd47fc00a2c39e90264f33305004495a9","hash":"ad2fa9afd9cd450c249383ca4f37e7ce4ca407a0"}
,"/Users/jai/Code/solid-state-group/ssg-frontend-boilerplate/mobile/app/style/style-utils/style_pxToEm.ts": {"path":"/Users/jai/Code/solid-state-group/ssg-frontend-boilerplate/mobile/app/style/style-utils/style_pxToEm.ts","statementMap":{"0":{"start":{"line":3,"column":10},"end":{"line":3,"column":40}},"1":{"start":{"line":6,"column":15},"end":{"line":6,"column":53}},"2":{"start":{"line":9,"column":17},"end":{"line":9,"column":19}},"3":{"start":{"line":11,"column":13},"end":{"line":11,"column":30}},"4":{"start":{"line":14,"column":12},"end":{"line":16,"column":1}},"5":{"start":{"line":15,"column":2},"end":{"line":15,"column":22}},"6":{"start":{"line":17,"column":0},"end":{"line":17,"column":20}},"7":{"start":{"line":19,"column":0},"end":{"line":19,"column":15}}},"fnMap":{"0":{"name":"(anonymous_0)","decl":{"start":{"line":14,"column":12},"end":{"line":14,"column":13}},"loc":{"start":{"line":14,"column":23},"end":{"line":16,"column":1}},"line":14}},"branchMap":{"0":{"loc":{"start":{"line":6,"column":15},"end":{"line":6,"column":53}},"type":"cond-expr","locations":[{"start":{"line":6,"column":26},"end":{"line":6,"column":48}},{"start":{"line":6,"column":52},"end":{"line":6,"column":53}}],"line":6},"1":{"loc":{"start":{"line":6,"column":26},"end":{"line":6,"column":48}},"type":"cond-expr","locations":[{"start":{"line":6,"column":36},"end":{"line":6,"column":40}},{"start":{"line":6,"column":43},"end":{"line":6,"column":48}}],"line":6}},"s":{"0":9,"1":9,"2":9,"3":9,"4":9,"5":72,"6":9,"7":9},"f":{"0":72},"b":{"0":[0,9],"1":[0,0]},"_coverageSchema":"1a1c01bbd47fc00a2c39e90264f33305004495a9","hash":"594d9a542c1de6fd1078680e99ba68c8af8cfc4f"}
}
