TN:
SF:app/components/base/grid/Container.tsx
FN:19,(anonymous_0)
FNF:1
FNH:1
FNDA:1,(anonymous_0)
DA:19,1
DA:33,1
LF:2
LH:2
BRDA:22,0,0,1
BRDA:27,1,0,1
BRDA:35,2,0,1
BRDA:35,2,1,1
BRDA:36,3,0,1
BRDA:36,3,1,1
BRDA:37,4,0,1
BRDA:37,4,1,0
BRDA:38,5,0,1
BRDA:38,5,1,0
BRDA:39,6,0,1
BRDA:39,6,1,0
BRDA:40,7,0,1
BRDA:40,7,1,0
BRDA:41,8,0,1
BRDA:41,8,1,0
BRDA:42,9,0,1
BRDA:42,9,1,0
BRDA:43,10,0,1
BRDA:43,10,1,0
BRDA:44,11,0,1
BRDA:44,11,1,0
BRF:22
BRH:14
end_of_record
TN:
SF:app/components/base/grid/Flex.tsx
FN:14,(anonymous_0)
FNF:1
FNH:1
FNDA:1,(anonymous_0)
DA:14,1
DA:23,1
LF:2
LH:2
BRDA:15,0,0,1
BRDA:29,1,0,1
BRDA:29,1,1,0
BRF:3
BRH:2
end_of_record
TN:
SF:app/components/base/grid/FormGroup.tsx
FN:10,(anonymous_0)
FNF:1
FNH:1
FNDA:1,(anonymous_0)
DA:10,1
DA:11,1
DA:14,1
LF:3
LH:3
BRF:0
BRH:0
end_of_record
TN:
SF:app/components/base/grid/Row.tsx
FN:12,(anonymous_0)
FNF:1
FNH:1
FNDA:1,(anonymous_0)
DA:12,1
DA:13,1
DA:21,1
LF:3
LH:3
BRDA:15,0,0,1
BRDA:15,0,1,0
BRF:2
BRH:1
end_of_record
TN:
SF:app/components/base/type/H1.tsx
FN:12,(anonymous_0)
FNF:1
FNH:1
FNDA:1,(anonymous_0)
DA:12,1
DA:18,1
LF:2
LH:2
BRF:0
BRH:0
end_of_record
TN:
SF:app/components/base/type/H2.tsx
FN:12,(anonymous_0)
FNF:1
FNH:1
FNDA:1,(anonymous_0)
DA:12,1
DA:18,1
LF:2
LH:2
BRF:0
BRH:0
end_of_record
TN:
SF:app/components/base/type/H3.tsx
FN:12,(anonymous_0)
FNF:1
FNH:1
FNDA:1,(anonymous_0)
DA:12,1
DA:18,1
LF:2
LH:2
BRF:0
BRH:0
end_of_record
TN:
SF:app/components/base/type/H4.tsx
FN:14,(anonymous_0)
FNF:1
FNH:1
FNDA:1,(anonymous_0)
DA:14,1
DA:22,1
LF:2
LH:2
BRF:0
BRH:0
end_of_record
TN:
SF:app/style/_style_screen.ts
FNF:0
FNH:0
DA:14,9
DA:24,9
DA:26,9
LF:3
LH:3
BRF:0
BRH:0
end_of_record
TN:
SF:app/style/style_base.ts
FNF:0
FNH:0
LF:0
LH:0
BRF:0
BRH:0
end_of_record
TN:
SF:app/style/style_buttons.ts
FNF:0
FNH:0
LF:0
LH:0
BRF:0
BRH:0
end_of_record
TN:
SF:app/style/style_forms.ts
FNF:0
FNH:0
LF:0
LH:0
BRF:0
BRH:0
end_of_record
TN:
SF:app/style/style_grid.ts
FNF:0
FNH:0
DA:3,9
LF:1
LH:1
BRF:0
BRH:0
end_of_record
TN:
SF:app/style/style_lists.ts
FNF:0
FNH:0
LF:0
LH:0
BRF:0
BRH:0
end_of_record
TN:
SF:app/style/style_type.ts
FNF:0
FNH:0
LF:0
LH:0
BRF:0
BRH:0
end_of_record
TN:
SF:app/style/style_variables.ts
FNF:0
FNH:0
DA:1,9
DA:4,9
DA:5,9
DA:6,9
DA:8,9
DA:20,9
DA:33,9
DA:70,9
DA:71,9
LF:9
LH:9
BRDA:21,0,0,9
BRDA:21,0,1,9
BRDA:35,1,0,9
BRDA:35,1,1,9
BRF:4
BRH:4
end_of_record
TN:
SF:app/style/style-utils/asStyle.ts
FN:2,asStyle
FNF:1
FNH:1
FNDA:54,asStyle
DA:3,54
LF:1
LH:1
BRF:0
BRH:0
end_of_record
TN:
SF:app/style/style-utils/style_pxToEm.ts
FN:14,(anonymous_0)
FNF:1
FNH:1
FNDA:72,(anonymous_0)
DA:3,9
DA:6,9
DA:9,9
DA:11,9
DA:14,9
DA:15,72
DA:17,9
DA:19,9
LF:8
LH:8
BRDA:6,0,0,0
BRDA:6,0,1,9
BRDA:6,1,0,0
BRDA:6,1,1,0
BRF:4
BRH:1
end_of_record
