TN:
SF:app/components/base/ListItem.tsx
FN:19,(anonymous_0)
FNF:1
FNH:1
FNDA:1,(anonymous_0)
DA:19,1
DA:31,1
DA:39,1
LF:3
LH:3
BRDA:27,0,0,1
BRDA:28,1,0,1
BRDA:34,2,0,1
BRDA:34,2,1,0
BRDA:39,3,0,0
BRDA:39,3,1,1
BRDA:40,4,0,0
BRDA:40,4,1,0
BRDA:41,5,0,0
BRDA:41,5,1,0
BRDA:46,6,0,0
BRDA:46,6,1,0
BRDA:57,7,0,0
BRDA:57,7,1,0
BRDA:64,8,0,1
BRDA:64,8,1,1
BRF:16
BRH:6
end_of_record
TN:
SF:app/components/base/Loader.tsx
FN:9,(anonymous_0)
FNF:1
FNH:1
FNDA:1,(anonymous_0)
DA:5,2
DA:7,2
DA:9,2
DA:10,1
LF:4
LH:4
BRF:0
BRH:0
end_of_record
TN:
SF:app/components/base/SelectModal.tsx
FN:22,(anonymous_0)
FN:38,(anonymous_1)
FN:40,(anonymous_2)
FN:44,(anonymous_3)
FN:67,(anonymous_4)
FNF:5
FNH:1
FNDA:1,(anonymous_0)
FNDA:0,(anonymous_1)
FNDA:0,(anonymous_2)
FNDA:0,(anonymous_3)
FNDA:0,(anonymous_4)
DA:22,1
DA:33,1
DA:38,1
DA:40,1
DA:41,0
DA:42,0
DA:44,0
DA:51,1
DA:68,0
LF:9
LH:5
BRDA:41,0,0,0
BRDA:41,0,1,0
BRDA:53,1,0,1
BRDA:53,1,1,0
BRDA:58,2,0,1
BRDA:58,2,1,0
BRDA:61,3,0,0
BRDA:61,3,1,0
BRF:8
BRH:2
end_of_record
TN:
SF:app/components/base/forms/Button.tsx
FN:43,(anonymous_0)
FN:57,(anonymous_1)
FN:63,(anonymous_2)
FN:67,(anonymous_3)
FN:83,(anonymous_4)
FN:88,(anonymous_5)
FN:123,(anonymous_6)
FN:136,(anonymous_7)
FN:150,(anonymous_8)
FN:165,(anonymous_9)
FN:176,(anonymous_10)
FN:189,(anonymous_11)
FN:201,(anonymous_12)
FNF:13
FNH:6
FNDA:2,(anonymous_0)
FNDA:2,(anonymous_1)
FNDA:2,(anonymous_2)
FNDA:2,(anonymous_3)
FNDA:2,(anonymous_4)
FNDA:1,(anonymous_5)
FNDA:0,(anonymous_6)
FNDA:0,(anonymous_7)
FNDA:0,(anonymous_8)
FNDA:0,(anonymous_9)
FNDA:0,(anonymous_10)
FNDA:0,(anonymous_11)
FNDA:0,(anonymous_12)
DA:28,2
DA:33,2
DA:38,2
DA:43,2
DA:57,2
DA:58,2
DA:61,2
DA:63,2
DA:64,2
DA:67,2
DA:69,2
DA:70,2
DA:78,2
DA:83,2
DA:90,1
DA:123,2
DA:124,0
DA:136,2
DA:137,0
DA:150,2
DA:151,0
DA:165,2
DA:166,0
DA:176,2
DA:177,0
DA:189,2
DA:191,0
DA:201,2
DA:202,0
DA:211,2
LF:30
LH:23
BRDA:54,0,0,2
BRDA:58,1,0,1
BRDA:58,1,1,1
BRDA:58,2,0,0
BRDA:58,2,1,1
BRDA:58,3,0,0
BRDA:58,3,1,1
BRDA:61,4,0,2
BRDA:61,4,1,1
BRDA:69,5,0,0
BRDA:69,5,1,2
BRDA:69,6,0,2
BRDA:69,6,1,0
BRDA:70,7,0,0
BRDA:70,7,1,2
BRDA:83,8,0,0
BRDA:83,8,1,2
BRDA:85,9,0,2
BRDA:85,9,1,2
BRDA:87,10,0,1
BRDA:87,10,1,1
BRDA:90,11,0,1
BRDA:90,11,1,0
BRDA:90,12,0,1
BRDA:90,12,1,0
BRDA:92,13,0,0
BRDA:92,13,1,1
BRDA:99,14,0,0
BRDA:99,14,1,2
BRF:29
BRH:19
end_of_record
TN:
SF:app/components/base/forms/Select.tsx
FN:20,(anonymous_0)
FN:34,(anonymous_1)
FN:37,(anonymous_2)
FN:42,(anonymous_3)
FN:54,(anonymous_4)
FN:68,(anonymous_5)
FN:77,(anonymous_6)
FN:79,(anonymous_7)
FNF:8
FNH:0
FNDA:0,(anonymous_0)
FNDA:0,(anonymous_1)
FNDA:0,(anonymous_2)
FNDA:0,(anonymous_3)
FNDA:0,(anonymous_4)
FNDA:0,(anonymous_5)
FNDA:0,(anonymous_6)
FNDA:0,(anonymous_7)
DA:20,1
DA:32,0
DA:34,0
DA:35,0
DA:37,0
DA:38,0
DA:39,0
DA:40,0
DA:42,0
DA:43,0
DA:44,0
DA:46,0
DA:47,0
DA:49,0
DA:53,0
DA:54,0
DA:57,0
DA:68,0
DA:78,0
DA:79,0
DA:80,0
DA:82,0
LF:22
LH:1
BRDA:25,0,0,0
BRDA:35,1,0,0
BRDA:35,1,1,0
BRDA:38,2,0,0
BRDA:38,2,1,0
BRDA:39,3,0,0
BRDA:39,3,1,0
BRDA:40,4,0,0
BRDA:40,4,1,0
BRDA:46,5,0,0
BRDA:46,5,1,0
BRDA:53,6,0,0
BRDA:53,6,1,0
BRDA:54,7,0,0
BRDA:54,7,1,0
BRDA:59,8,0,0
BRDA:59,8,1,0
BRDA:74,9,0,0
BRDA:74,9,1,0
BRDA:74,10,0,0
BRDA:74,10,1,0
BRDA:85,11,0,0
BRDA:85,11,1,0
BRF:23
BRH:0
end_of_record
TN:
SF:app/components/base/forms/Text.tsx
FN:8,(anonymous_0)
FNF:1
FNH:1
FNDA:1,(anonymous_0)
DA:8,1
DA:9,1
DA:11,1
LF:3
LH:3
BRDA:9,0,0,0
BRDA:9,0,1,1
BRF:2
BRH:1
end_of_record
TN:
SF:app/components/base/forms/TextInput.js
FN:29,(anonymous_0)
FN:36,(anonymous_1)
FN:40,(anonymous_2)
FN:44,(anonymous_3)
FN:48,(anonymous_4)
FN:56,(anonymous_5)
FN:62,(anonymous_6)
FN:69,(anonymous_7)
FN:97,(anonymous_8)
FN:119,(anonymous_9)
FN:165,(anonymous_10)
FNF:11
FNH:3
FNDA:1,(anonymous_0)
FNDA:0,(anonymous_1)
FNDA:0,(anonymous_2)
FNDA:0,(anonymous_3)
FNDA:0,(anonymous_4)
FNDA:0,(anonymous_5)
FNDA:0,(anonymous_6)
FNDA:1,(anonymous_7)
FNDA:1,(anonymous_8)
FNDA:0,(anonymous_9)
FNDA:0,(anonymous_10)
DA:9,2
DA:24,2
DA:25,2
DA:27,2
DA:30,1
DA:31,1
DA:36,1
DA:37,0
DA:40,1
DA:41,0
DA:44,1
DA:45,0
DA:48,1
DA:49,0
DA:50,0
DA:56,1
DA:57,0
DA:58,0
DA:62,1
DA:63,0
DA:64,0
DA:66,0
DA:71,1
DA:97,1
DA:119,0
DA:138,2
DA:140,2
DA:165,2
DA:166,0
DA:168,2
LF:30
LH:18
BRDA:49,0,0,0
BRDA:49,0,1,0
BRDA:57,1,0,0
BRDA:57,1,1,0
BRDA:63,2,0,0
BRDA:63,2,1,0
BRDA:73,3,0,1
BRDA:73,3,1,0
BRDA:76,4,0,0
BRDA:76,4,1,0
BRDA:94,5,0,1
BRDA:94,5,1,0
BRDA:98,6,0,1
BRDA:98,6,1,1
BRDA:99,7,0,0
BRDA:99,7,1,1
BRDA:106,8,0,0
BRDA:106,8,1,1
BRDA:109,9,0,0
BRDA:109,9,1,0
BRDA:117,10,0,0
BRDA:117,10,1,1
BRDA:122,11,0,0
BRDA:122,11,1,0
BRF:24
BRH:7
end_of_record
TN:
SF:app/components/base/grid/Column.tsx
FN:11,(anonymous_0)
FNF:1
FNH:1
FNDA:2,(anonymous_0)
DA:11,2
DA:12,2
LF:2
LH:2
BRF:0
BRH:0
end_of_record
TN:
SF:app/components/base/grid/Container.tsx
FN:19,(anonymous_0)
FNF:1
FNH:1
FNDA:1,(anonymous_0)
DA:19,1
DA:33,1
LF:2
LH:2
BRDA:22,0,0,1
BRDA:27,1,0,1
BRDA:35,2,0,1
BRDA:35,2,1,1
BRDA:36,3,0,1
BRDA:36,3,1,1
BRDA:37,4,0,1
BRDA:37,4,1,0
BRDA:38,5,0,1
BRDA:38,5,1,0
BRDA:39,6,0,1
BRDA:39,6,1,0
BRDA:40,7,0,1
BRDA:40,7,1,0
BRDA:41,8,0,1
BRDA:41,8,1,0
BRDA:42,9,0,1
BRDA:42,9,1,0
BRDA:43,10,0,1
BRDA:43,10,1,0
BRDA:44,11,0,1
BRDA:44,11,1,0
BRF:22
BRH:14
end_of_record
TN:
SF:app/components/base/grid/Flex.tsx
FN:14,(anonymous_0)
FNF:1
FNH:1
FNDA:2,(anonymous_0)
DA:14,2
DA:23,2
LF:2
LH:2
BRDA:15,0,0,2
BRDA:29,1,0,2
BRDA:29,1,1,0
BRF:3
BRH:2
end_of_record
TN:
SF:app/components/base/grid/FormGroup.tsx
FN:10,(anonymous_0)
FNF:1
FNH:1
FNDA:2,(anonymous_0)
DA:10,2
DA:11,2
DA:14,2
LF:3
LH:3
BRF:0
BRH:0
end_of_record
TN:
SF:app/components/base/grid/Row.tsx
FN:12,(anonymous_0)
FNF:1
FNH:1
FNDA:2,(anonymous_0)
DA:12,2
DA:13,2
DA:21,2
LF:3
LH:3
BRDA:15,0,0,2
BRDA:15,0,1,0
BRF:2
BRH:1
end_of_record
TN:
SF:app/components/base/type/H1.tsx
FN:12,(anonymous_0)
FNF:1
FNH:1
FNDA:1,(anonymous_0)
DA:12,1
DA:18,1
LF:2
LH:2
BRF:0
BRH:0
end_of_record
TN:
SF:app/components/base/type/H2.tsx
FN:12,(anonymous_0)
FNF:1
FNH:1
FNDA:1,(anonymous_0)
DA:12,1
DA:18,1
LF:2
LH:2
BRF:0
BRH:0
end_of_record
TN:
SF:app/components/base/type/H3.tsx
FN:12,(anonymous_0)
FNF:1
FNH:1
FNDA:1,(anonymous_0)
DA:12,1
DA:18,1
LF:2
LH:2
BRF:0
BRH:0
end_of_record
TN:
SF:app/components/base/type/H4.tsx
FN:14,(anonymous_0)
FNF:1
FNH:1
FNDA:1,(anonymous_0)
DA:14,1
DA:22,1
LF:2
LH:2
BRF:0
BRH:0
end_of_record
TN:
SF:app/style/_style_screen.ts
FNF:0
FNH:0
DA:14,20
DA:24,20
DA:26,20
LF:3
LH:3
BRF:0
BRH:0
end_of_record
TN:
SF:app/style/style_base.ts
FNF:0
FNH:0
LF:0
LH:0
BRF:0
BRH:0
end_of_record
TN:
SF:app/style/style_buttons.ts
FNF:0
FNH:0
LF:0
LH:0
BRF:0
BRH:0
end_of_record
TN:
SF:app/style/style_forms.ts
FNF:0
FNH:0
LF:0
LH:0
BRF:0
BRH:0
end_of_record
TN:
SF:app/style/style_grid.ts
FNF:0
FNH:0
DA:3,20
LF:1
LH:1
BRF:0
BRH:0
end_of_record
TN:
SF:app/style/style_lists.ts
FNF:0
FNH:0
LF:0
LH:0
BRF:0
BRH:0
end_of_record
TN:
SF:app/style/style_type.ts
FNF:0
FNH:0
LF:0
LH:0
BRF:0
BRH:0
end_of_record
TN:
SF:app/style/style_variables.ts
FNF:0
FNH:0
DA:1,20
DA:4,20
DA:5,20
DA:6,20
DA:8,20
DA:20,20
DA:33,20
DA:70,20
DA:71,20
LF:9
LH:9
BRDA:21,0,0,20
BRDA:21,0,1,20
BRDA:35,1,0,20
BRDA:35,1,1,20
BRF:4
BRH:4
end_of_record
TN:
SF:app/style/style-utils/asStyle.ts
FN:2,asStyle
FNF:1
FNH:1
FNDA:120,asStyle
DA:3,120
LF:1
LH:1
BRF:0
BRH:0
end_of_record
TN:
SF:app/style/style-utils/style_pxToEm.ts
FN:14,(anonymous_0)
FNF:1
FNH:1
FNDA:160,(anonymous_0)
DA:3,20
DA:6,20
DA:9,20
DA:11,20
DA:14,20
DA:15,160
DA:17,20
DA:19,20
LF:8
LH:8
BRDA:6,0,0,0
BRDA:6,0,1,20
BRDA:6,1,0,0
BRDA:6,1,1,0
BRF:4
BRH:1
end_of_record
